This file contains any messages produced by compilers while
running configure, to aid debugging if configure makes a mistake.

It was created by configure, which was
generated by GNU Autoconf 2.59.  Invocation command line was

  $ /Users/rafael/mc404/gdb-6.4/sim/configure --cache-file=./config.cache --build=i686-apple-darwin11.2.0 --host=i686-apple-darwin11.2.0 --target=armv5e-elf --prefix=/Users/rafael/mc404/install --program-transform-name=s,^,armv5e-elf-,;  --srcdir=../../../gdb-6.4/sim

## --------- ##
## Platform. ##
## --------- ##

hostname = routerroaches
uname -m = x86_64
uname -r = 11.2.0
uname -s = Darwin
uname -v = Darwin Kernel Version 11.2.0: Tue Aug  9 20:54:00 PDT 2011; root:xnu-1699.24.8~1/RELEASE_X86_64

/usr/bin/uname -p = i386
/bin/uname -X     = unknown

/bin/arch              = unknown
/usr/bin/arch -k       = unknown
/usr/convex/getsysinfo = unknown
hostinfo               = Mach kernel version:
	 Darwin Kernel Version 11.2.0: Tue Aug  9 20:54:00 PDT 2011; root:xnu-1699.24.8~1/RELEASE_X86_64
Kernel configured for up to 4 processors.
2 processors are physically available.
4 processors are logically available.
Processor type: i486 (Intel 80486)
Processors active: 0 1 2 3
Primary memory available: 8.00 gigabytes
Default processor set: 98 tasks, 441 threads, 4 processors
Load average: 4.57, Mach factor: 0.53
/bin/machine           = unknown
/usr/bin/oslevel       = unknown
/bin/universe          = unknown

PATH: /opt/local/bin
PATH: /opt/local/sbin
PATH: /usr/bin
PATH: /bin
PATH: /usr/sbin
PATH: /sbin
PATH: /usr/local/bin
PATH: /usr/X11/bin
PATH: /usr/texbin
PATH: /Users/rafael/mc404/install/bin


## ----------- ##
## Core tests. ##
## ----------- ##

configure:1198: creating cache ./config.cache
configure:1287: checking for i686-apple-darwin11.2.0-gcc
configure:1313: result: gcc
configure:1595: checking for C compiler version
configure:1598: gcc --version </dev/null >&5
i686-apple-darwin11-llvm-gcc-4.2 (GCC) 4.2.1 (Based on Apple Inc. build 5658) (LLVM build 2336.1.00)
Copyright (C) 2007 Free Software Foundation, Inc.
This is free software; see the source for copying conditions.  There is NO
warranty; not even for MERCHANTABILITY or FITNESS FOR A PARTICULAR PURPOSE.

configure:1601: $? = 0
configure:1603: gcc -v </dev/null >&5
Using built-in specs.
Target: i686-apple-darwin11
Configured with: /private/var/tmp/llvmgcc42/llvmgcc42-2336.1~22/src/configure --disable-checking --enable-werror --prefix=/Developer/usr/llvm-gcc-4.2 --mandir=/share/man --enable-languages=c,objc,c++,obj-c++ --program-prefix=llvm- --program-transform-name=/^[cg][^.-]*$/s/$/-4.2/ --with-slibdir=/usr/lib --build=i686-apple-darwin11 --enable-llvm=/private/var/tmp/llvmgcc42/llvmgcc42-2336.1~22/dst-llvmCore/Developer/usr/local --program-prefix=i686-apple-darwin11- --host=x86_64-apple-darwin11 --target=i686-apple-darwin11 --with-gxx-include-dir=/usr/include/c++/4.2.1
Thread model: posix
gcc version 4.2.1 (Based on Apple Inc. build 5658) (LLVM build 2336.1.00)
configure:1606: $? = 0
configure:1608: gcc -V </dev/null >&5
llvm-gcc-4.2: argument to `-V' is missing
configure:1611: $? = 1
configure:1634: checking for C compiler default output file name
configure:1637: gcc -g -O2    conftest.c  >&5
configure:1640: $? = 0
configure:1686: result: a.out
configure:1691: checking whether the C compiler works
configure:1697: ./a.out
configure:1700: $? = 0
configure:1717: result: yes
configure:1724: checking whether we are cross compiling
configure:1726: result: no
configure:1729: checking for suffix of executables
configure:1731: gcc -o conftest -g -O2    conftest.c  >&5
configure:1734: $? = 0
configure:1759: result: 
configure:1765: checking for suffix of object files
configure:1786: gcc -c -g -O2   conftest.c >&5
configure:1789: $? = 0
configure:1811: result: o
configure:1815: checking whether we are using the GNU C compiler
configure:1839: gcc -c -g -O2   conftest.c >&5
configure:1845: $? = 0
configure:1849: test -z 
			 || test ! -s conftest.err
configure:1852: $? = 0
configure:1855: test -s conftest.o
configure:1858: $? = 0
configure:1871: result: yes
configure:1877: checking whether gcc accepts -g
configure:1898: gcc -c -g  conftest.c >&5
configure:1904: $? = 0
configure:1908: test -z 
			 || test ! -s conftest.err
configure:1911: $? = 0
configure:1914: test -s conftest.o
configure:1917: $? = 0
configure:1928: result: yes
configure:1945: checking for gcc option to accept ANSI C
configure:2015: gcc  -c -g -O2   conftest.c >&5
configure:2021: $? = 0
configure:2025: test -z 
			 || test ! -s conftest.err
configure:2028: $? = 0
configure:2031: test -s conftest.o
configure:2034: $? = 0
configure:2052: result: none needed
configure:2070: gcc -c -g -O2   conftest.c >&5
conftest.c:2: error: expected '=', ',', ';', 'asm' or '__attribute__' before 'me'
configure:2076: $? = 1
configure: failed program was:
| #ifndef __cplusplus
|   choke me
| #endif
configure:2247: checking for a BSD-compatible install
configure:2302: result: /opt/local/bin/ginstall -c
configure:2316: checking for i686-apple-darwin11.2.0-ar
configure:2342: result: ar
configure:2395: checking for i686-apple-darwin11.2.0-ranlib
configure:2421: result: ranlib
configure:2479: checking build system type
configure:2497: result: i686-apple-darwin11.2.0
configure:2505: checking host system type
configure:2519: result: i686-apple-darwin11.2.0
configure:2527: checking target system type
configure:2541: result: armv5e-unknown-elf
configure:2576: checking for i686-apple-darwin11.2.0-gcc
configure:2602: result: gcc
configure:2884: checking for C compiler version
configure:2887: gcc --version </dev/null >&5
i686-apple-darwin11-llvm-gcc-4.2 (GCC) 4.2.1 (Based on Apple Inc. build 5658) (LLVM build 2336.1.00)
Copyright (C) 2007 Free Software Foundation, Inc.
This is free software; see the source for copying conditions.  There is NO
warranty; not even for MERCHANTABILITY or FITNESS FOR A PARTICULAR PURPOSE.

configure:2890: $? = 0
configure:2892: gcc -v </dev/null >&5
Using built-in specs.
Target: i686-apple-darwin11
Configured with: /private/var/tmp/llvmgcc42/llvmgcc42-2336.1~22/src/configure --disable-checking --enable-werror --prefix=/Developer/usr/llvm-gcc-4.2 --mandir=/share/man --enable-languages=c,objc,c++,obj-c++ --program-prefix=llvm- --program-transform-name=/^[cg][^.-]*$/s/$/-4.2/ --with-slibdir=/usr/lib --build=i686-apple-darwin11 --enable-llvm=/private/var/tmp/llvmgcc42/llvmgcc42-2336.1~22/dst-llvmCore/Developer/usr/local --program-prefix=i686-apple-darwin11- --host=x86_64-apple-darwin11 --target=i686-apple-darwin11 --with-gxx-include-dir=/usr/include/c++/4.2.1
Thread model: posix
gcc version 4.2.1 (Based on Apple Inc. build 5658) (LLVM build 2336.1.00)
configure:2895: $? = 0
configure:2897: gcc -V </dev/null >&5
llvm-gcc-4.2: argument to `-V' is missing
configure:2900: $? = 1
configure:2903: checking whether we are using the GNU C compiler
configure:2959: result: yes
configure:2965: checking whether gcc accepts -g
configure:3016: result: yes
configure:3033: checking for gcc option to accept ANSI C
configure:3140: result: none needed
configure:3158: gcc -c -g -O2   conftest.c >&5
conftest.c:2: error: expected '=', ',', ';', 'asm' or '__attribute__' before 'me'
configure:3164: $? = 1
configure: failed program was:
| #ifndef __cplusplus
|   choke me
| #endif
configure:3304: checking for i686-apple-darwin11.2.0-ranlib
configure:3330: result: ranlib
configure:3681: creating ./config.status

## ---------------------- ##
## Running config.status. ##
## ---------------------- ##

This file was extended by config.status, which was
generated by GNU Autoconf 2.59.  Invocation command line was

  CONFIG_FILES    = 
  CONFIG_HEADERS  = 
  CONFIG_LINKS    = 
  CONFIG_COMMANDS = 
  $ ./config.status 

on routerroaches

config.status:658: creating Makefile
configure:4535: configuring in arm
configure:4652: running /bin/sh '../../../../gdb-6.4/sim/arm/configure' --prefix=/Users/rafael/mc404/install  '--cache-file=./config.cache' '--build=i686-apple-darwin11.2.0' '--host=i686-apple-darwin11.2.0' '--target=armv5e-elf' '--prefix=/Users/rafael/mc404/install' '--program-transform-name=s,^,armv5e-elf-,; ' '--srcdir=../../../gdb-6.4/sim' 'CC=gcc' 'CFLAGS=-g -O2 ' 'LDFLAGS=' 'build_alias=i686-apple-darwin11.2.0' 'host_alias=i686-apple-darwin11.2.0' 'target_alias=armv5e-elf' --cache-file=.././config.cache --srcdir=../../../../gdb-6.4/sim/arm
configure:4535: configuring in testsuite
configure:4652: running /bin/sh '../../../../gdb-6.4/sim/testsuite/configure' --prefix=/Users/rafael/mc404/install  '--cache-file=./config.cache' '--build=i686-apple-darwin11.2.0' '--host=i686-apple-darwin11.2.0' '--target=armv5e-elf' '--prefix=/Users/rafael/mc404/install' '--program-transform-name=s,^,armv5e-elf-,; ' '--srcdir=../../../gdb-6.4/sim' 'CC=gcc' 'CFLAGS=-g -O2 ' 'LDFLAGS=' 'build_alias=i686-apple-darwin11.2.0' 'host_alias=i686-apple-darwin11.2.0' 'target_alias=armv5e-elf' --cache-file=.././config.cache --srcdir=../../../../gdb-6.4/sim/testsuite
configure:4535: configuring in common
configure:4652: running /bin/sh '../../../../gdb-6.4/sim/common/configure' --prefix=/Users/rafael/mc404/install  '--cache-file=./config.cache' '--build=i686-apple-darwin11.2.0' '--host=i686-apple-darwin11.2.0' '--target=armv5e-elf' '--prefix=/Users/rafael/mc404/install' '--program-transform-name=s,^,armv5e-elf-,; ' '--srcdir=../../../gdb-6.4/sim' 'CC=gcc' 'CFLAGS=-g -O2 ' 'LDFLAGS=' 'build_alias=i686-apple-darwin11.2.0' 'host_alias=i686-apple-darwin11.2.0' 'target_alias=armv5e-elf' --cache-file=.././config.cache --srcdir=../../../../gdb-6.4/sim/common

## ---------------- ##
## Cache variables. ##
## ---------------- ##

ac_cv_build=i686-apple-darwin11.2.0
ac_cv_build_alias=i686-apple-darwin11.2.0
ac_cv_c_compiler_gnu=yes
ac_cv_env_CC_set=set
ac_cv_env_CC_value=gcc
ac_cv_env_CFLAGS_set=set
ac_cv_env_CFLAGS_value='-g -O2 '
ac_cv_env_CPPFLAGS_set=
ac_cv_env_CPPFLAGS_value=
ac_cv_env_LDFLAGS_set=set
ac_cv_env_LDFLAGS_value=
ac_cv_env_build_alias_set=set
ac_cv_env_build_alias_value=i686-apple-darwin11.2.0
ac_cv_env_host_alias_set=set
ac_cv_env_host_alias_value=i686-apple-darwin11.2.0
ac_cv_env_target_alias_set=set
ac_cv_env_target_alias_value=armv5e-elf
ac_cv_exeext=
ac_cv_host=i686-apple-darwin11.2.0
ac_cv_host_alias=i686-apple-darwin11.2.0
ac_cv_objext=o
ac_cv_prog_AR=ar
ac_cv_prog_CC=gcc
ac_cv_prog_RANLIB=ranlib
ac_cv_prog_cc_g=yes
ac_cv_prog_cc_stdc=
ac_cv_target=armv5e-unknown-elf
ac_cv_target_alias=armv5e-elf

## ----------------- ##
## Output variables. ##
## ----------------- ##

AR='ar'
CC='gcc'
CC_FOR_BUILD='$(CC)'
CFLAGS='-g -O2 '
CPPFLAGS=''
DEFS='-DPACKAGE_NAME=\"\" -DPACKAGE_TARNAME=\"\" -DPACKAGE_VERSION=\"\" -DPACKAGE_STRING=\"\" -DPACKAGE_BUGREPORT=\"\" '
ECHO_C='ECHO_N=''
ECHO_T=''
EXEEXT=''
HDEFINES=''
INSTALL_DATA='/opt/local/bin/ginstall -c -m 644'
INSTALL_PROGRAM='/opt/local/bin/ginstall -c'
INSTALL_SCRIPT='/opt/local/bin/ginstall -c'
LDFLAGS=''
LIBOBJS=''
LIBS=''
LTLIBOBJS=''
OBJEXT='o'
PACKAGE_BUGREPORT=''
PACKAGE_NAME=''
PACKAGE_STRING=''
PACKAGE_TARNAME=''
PACKAGE_VERSION=''
PATH_SEPARATOR=':'
RANLIB='ranlib'
SHELL='/bin/sh'
ac_ct_AR=''
ac_ct_CC=''
ac_ct_RANLIB=''
bindir='${exec_prefix}/bin'
build='i686-apple-darwin11.2.0'
build_alias='i686-apple-darwin11.2.0'
build_cpu='i686'
build_os='darwin11.2.0'
build_vendor='apple'
datadir='${prefix}/share'
exec_prefix='${prefix}'
host='i686-apple-darwin11.2.0'
host_alias='i686-apple-darwin11.2.0'
host_cpu='i686'
host_os='darwin11.2.0'
host_vendor='apple'
includedir='${prefix}/include'
infodir='${prefix}/info'
libdir='${exec_prefix}/lib'
libexecdir='${exec_prefix}/libexec'
localstatedir='${prefix}/var'
mandir='${prefix}/man'
oldincludedir='/usr/include'
prefix='/Users/rafael/mc404/install'
program_transform_name='s,^,armv5e-elf-,;'
sbindir='${exec_prefix}/sbin'
sharedstatedir='${prefix}/com'
subdirs=' arm testsuite common'
sysconfdir='${prefix}/etc'
target='armv5e-unknown-elf'
target_alias='armv5e-elf'
target_cpu='armv5e'
target_os='elf'
target_vendor='unknown'

## ----------- ##
## confdefs.h. ##
## ----------- ##

#define PACKAGE_BUGREPORT ""
#define PACKAGE_NAME ""
#define PACKAGE_STRING ""
#define PACKAGE_TARNAME ""
#define PACKAGE_VERSION ""

configure: exit 0
