This file contains any messages produced by compilers while
running configure, to aid debugging if configure makes a mistake.

configure:600: checking host system type
configure:621: checking target system type
configure:639: checking build system type
configure:694: checking for a BSD compatible install
configure:747: checking whether ln works
configure:771: checking whether ln -s works
configure:1825: checking for gcc
configure:1938: checking whether the C compiler (gcc  ) works
configure:1954: gcc -o conftest    conftest.c  1>&5
configure:1980: checking whether the C compiler (gcc  ) is a cross-compiler
configure:1985: checking whether we are using GNU C
configure:1994: gcc -E conftest.c
configure:2013: checking whether gcc accepts -g
configure:2080: checking for gnatbind
configure:2145: checking whether compiler driver understands Ada
configure:2177: checking how to compare bootstrapped objects
configure:2275: checking for correct version of gmp.h
configure:2288: gcc -c -g -O2   conftest.c 1>&5
configure:2278:17: error: gmp.h: No such file or directory
configure: In function 'main':
configure:2282: error: 'choke' undeclared (first use in this function)
configure:2282: error: (Each undeclared identifier is reported only once
configure:2282: error: for each function it appears in.)
configure:2282: error: expected ';' before 'me'
configure: failed program was:
#line 2277 "configure"
#include "confdefs.h"
#include "gmp.h"
int main() {

#if __GNU_MP_VERSION < 3
choke me
#endif

; return 0; }
configure:2829: checking for bison
configure:2864: checking for bison
configure:2899: checking for gm4
configure:2934: checking for flex
configure:2969: checking for flex
configure:3004: checking for makeinfo
configure:3525: checking for i686-apple-darwin11.2.0-ar
configure:3556: checking for ar
configure:3600: checking for i686-apple-darwin11.2.0-as
configure:3631: checking for as
configure:3675: checking for i686-apple-darwin11.2.0-dlltool
configure:3706: checking for dlltool
configure:3750: checking for i686-apple-darwin11.2.0-ld
configure:3825: checking for i686-apple-darwin11.2.0-nm
configure:3856: checking for nm
configure:3900: checking for i686-apple-darwin11.2.0-ranlib
configure:3931: checking for ranlib
configure:3970: checking for i686-apple-darwin11.2.0-windres
configure:4001: checking for windres
configure:4045: checking for i686-apple-darwin11.2.0-objcopy
configure:4076: checking for objcopy
configure:4120: checking for i686-apple-darwin11.2.0-objdump
configure:4151: checking for objdump
configure:4203: checking for armv5e-elf-ar
configure:4278: checking for armv5e-elf-as
configure:4353: checking for armv5e-elf-cc
configure:4353: checking for armv5e-elf-gcc
configure:4428: checking for armv5e-elf-c++
configure:4428: checking for armv5e-elf-g++
configure:4428: checking for armv5e-elf-cxx
configure:4428: checking for armv5e-elf-gxx
configure:4503: checking for armv5e-elf-dlltool
configure:4578: checking for armv5e-elf-gcc
configure:4648: checking for armv5e-elf-gcj
configure:4723: checking for armv5e-elf-gfortran
configure:4798: checking for armv5e-elf-ld
configure:4873: checking for armv5e-elf-lipo
configure:4948: checking for armv5e-elf-nm
configure:5023: checking for armv5e-elf-objdump
configure:5098: checking for armv5e-elf-ranlib
configure:5168: checking for armv5e-elf-strip
configure:5243: checking for armv5e-elf-windres
configure:5384: checking whether to enable maintainer-specific portions of Makefiles
configure:5431: checking if symbolic links between directories work
