This file contains any messages produced by compilers while
running configure, to aid debugging if configure makes a mistake.

It was created by configure, which was
generated by GNU Autoconf 2.59.  Invocation command line was

  $ ../../../../gdb-6.4/sim/arm/configure --prefix=/Users/rafael/mc404/install --cache-file=./config.cache --build=i686-apple-darwin11.2.0 --host=i686-apple-darwin11.2.0 --target=armv5e-elf --prefix=/Users/rafael/mc404/install --program-transform-name=s,^,armv5e-elf-,;  --srcdir=../../../gdb-6.4/sim CC=gcc CFLAGS=-g -O2  LDFLAGS= build_alias=i686-apple-darwin11.2.0 host_alias=i686-apple-darwin11.2.0 target_alias=armv5e-elf --cache-file=.././config.cache --srcdir=../../../../gdb-6.4/sim/arm

## --------- ##
## Platform. ##
## --------- ##

hostname = routerroaches
uname -m = x86_64
uname -r = 11.2.0
uname -s = Darwin
uname -v = Darwin Kernel Version 11.2.0: Tue Aug  9 20:54:00 PDT 2011; root:xnu-1699.24.8~1/RELEASE_X86_64

/usr/bin/uname -p = i386
/bin/uname -X     = unknown

/bin/arch              = unknown
/usr/bin/arch -k       = unknown
/usr/convex/getsysinfo = unknown
hostinfo               = Mach kernel version:
	 Darwin Kernel Version 11.2.0: Tue Aug  9 20:54:00 PDT 2011; root:xnu-1699.24.8~1/RELEASE_X86_64
Kernel configured for up to 4 processors.
2 processors are physically available.
4 processors are logically available.
Processor type: i486 (Intel 80486)
Processors active: 0 1 2 3
Primary memory available: 8.00 gigabytes
Default processor set: 101 tasks, 443 threads, 4 processors
Load average: 4.68, Mach factor: 0.31
/bin/machine           = unknown
/usr/bin/oslevel       = unknown
/bin/universe          = unknown

PATH: /opt/local/bin
PATH: /opt/local/sbin
PATH: /usr/bin
PATH: /bin
PATH: /usr/sbin
PATH: /sbin
PATH: /usr/local/bin
PATH: /usr/X11/bin
PATH: /usr/texbin
PATH: /Users/rafael/mc404/install/bin


## ----------- ##
## Core tests. ##
## ----------- ##

configure:1226: loading cache .././config.cache
configure:1518: checking build system type
configure:1536: result: i686-apple-darwin11.2.0
configure:1544: checking host system type
configure:1558: result: i686-apple-darwin11.2.0
configure:1566: checking target system type
configure:1580: result: armv5e-unknown-elf
configure:1615: checking for i686-apple-darwin11.2.0-gcc
configure:1641: result: gcc
configure:1923: checking for C compiler version
configure:1926: gcc --version </dev/null >&5
i686-apple-darwin11-llvm-gcc-4.2 (GCC) 4.2.1 (Based on Apple Inc. build 5658) (LLVM build 2336.1.00)
Copyright (C) 2007 Free Software Foundation, Inc.
This is free software; see the source for copying conditions.  There is NO
warranty; not even for MERCHANTABILITY or FITNESS FOR A PARTICULAR PURPOSE.

configure:1929: $? = 0
configure:1931: gcc -v </dev/null >&5
Using built-in specs.
Target: i686-apple-darwin11
Configured with: /private/var/tmp/llvmgcc42/llvmgcc42-2336.1~22/src/configure --disable-checking --enable-werror --prefix=/Developer/usr/llvm-gcc-4.2 --mandir=/share/man --enable-languages=c,objc,c++,obj-c++ --program-prefix=llvm- --program-transform-name=/^[cg][^.-]*$/s/$/-4.2/ --with-slibdir=/usr/lib --build=i686-apple-darwin11 --enable-llvm=/private/var/tmp/llvmgcc42/llvmgcc42-2336.1~22/dst-llvmCore/Developer/usr/local --program-prefix=i686-apple-darwin11- --host=x86_64-apple-darwin11 --target=i686-apple-darwin11 --with-gxx-include-dir=/usr/include/c++/4.2.1
Thread model: posix
gcc version 4.2.1 (Based on Apple Inc. build 5658) (LLVM build 2336.1.00)
configure:1934: $? = 0
configure:1936: gcc -V </dev/null >&5
llvm-gcc-4.2: argument to `-V' is missing
configure:1939: $? = 1
configure:1962: checking for C compiler default output file name
configure:1965: gcc -g -O2    conftest.c  >&5
configure:1968: $? = 0
configure:2014: result: a.out
configure:2019: checking whether the C compiler works
configure:2025: ./a.out
configure:2028: $? = 0
configure:2045: result: yes
configure:2052: checking whether we are cross compiling
configure:2054: result: no
configure:2057: checking for suffix of executables
configure:2059: gcc -o conftest -g -O2    conftest.c  >&5
configure:2062: $? = 0
configure:2087: result: 
configure:2093: checking for suffix of object files
configure:2139: result: o
configure:2143: checking whether we are using the GNU C compiler
configure:2199: result: yes
configure:2205: checking whether gcc accepts -g
configure:2256: result: yes
configure:2273: checking for gcc option to accept ANSI C
configure:2380: result: none needed
configure:2398: gcc -c -g -O2   conftest.c >&5
conftest.c:2: error: expected '=', ',', ';', 'asm' or '__attribute__' before 'me'
configure:2404: $? = 1
configure: failed program was:
| #ifndef __cplusplus
|   choke me
| #endif
configure:2550: checking for a BSD-compatible install
configure:2605: result: /opt/local/bin/ginstall -c
configure:2632: checking for i686-apple-darwin11.2.0-ranlib
configure:2658: result: ranlib
configure:2711: checking whether make sets $(MAKE)
configure:2731: result: yes
configure:2741: checking for library containing strerror
configure:2771: gcc -o conftest -g -O2    conftest.c  >&5
configure:2777: $? = 0
configure:2781: test -z 
			 || test ! -s conftest.err
configure:2784: $? = 0
configure:2787: test -s conftest
configure:2790: $? = 0
configure:2860: result: none required
configure:2872: checking how to run the C preprocessor
configure:2907: gcc -E  conftest.c
configure:2913: $? = 0
configure:2945: gcc -E  conftest.c
conftest.c:9:28: error: ac_nonexistent.h: No such file or directory
configure:2951: $? = 1
configure: failed program was:
| /* confdefs.h.  */
| 
| #define PACKAGE_NAME ""
| #define PACKAGE_TARNAME ""
| #define PACKAGE_VERSION ""
| #define PACKAGE_STRING ""
| #define PACKAGE_BUGREPORT ""
| /* end confdefs.h.  */
| #include <ac_nonexistent.h>
configure:2990: result: gcc -E
configure:3014: gcc -E  conftest.c
configure:3020: $? = 0
configure:3052: gcc -E  conftest.c
conftest.c:9:28: error: ac_nonexistent.h: No such file or directory
configure:3058: $? = 1
configure: failed program was:
| /* confdefs.h.  */
| 
| #define PACKAGE_NAME ""
| #define PACKAGE_TARNAME ""
| #define PACKAGE_VERSION ""
| #define PACKAGE_STRING ""
| #define PACKAGE_BUGREPORT ""
| /* end confdefs.h.  */
| #include <ac_nonexistent.h>
configure:3102: checking for egrep
configure:3112: result: grep -E
configure:3117: checking for ANSI C header files
configure:3142: gcc -c -g -O2   conftest.c >&5
configure:3148: $? = 0
configure:3152: test -z 
			 || test ! -s conftest.err
configure:3155: $? = 0
configure:3158: test -s conftest.o
configure:3161: $? = 0
configure:3250: gcc -o conftest -g -O2    conftest.c  >&5
conftest.c: In function 'main':
conftest.c:26: warning: incompatible implicit declaration of built-in function 'exit'
configure:3253: $? = 0
configure:3255: ./conftest
configure:3258: $? = 0
configure:3273: result: yes
configure:3283: checking for an ANSI C-conforming const
configure:3350: gcc -c -g -O2   conftest.c >&5
configure:3356: $? = 0
configure:3360: test -z 
			 || test ! -s conftest.err
configure:3363: $? = 0
configure:3366: test -s conftest.o
configure:3369: $? = 0
configure:3380: result: yes
configure:3390: checking for inline
configure:3411: gcc -c -g -O2   conftest.c >&5
configure:3417: $? = 0
configure:3421: test -z 
			 || test ! -s conftest.err
configure:3424: $? = 0
configure:3427: test -s conftest.o
configure:3430: $? = 0
configure:3442: result: inline
configure:3475: checking for sys/types.h
configure:3491: gcc -c -g -O2   conftest.c >&5
configure:3497: $? = 0
configure:3501: test -z 
			 || test ! -s conftest.err
configure:3504: $? = 0
configure:3507: test -s conftest.o
configure:3510: $? = 0
configure:3521: result: yes
configure:3475: checking for sys/stat.h
configure:3491: gcc -c -g -O2   conftest.c >&5
configure:3497: $? = 0
configure:3501: test -z 
			 || test ! -s conftest.err
configure:3504: $? = 0
configure:3507: test -s conftest.o
configure:3510: $? = 0
configure:3521: result: yes
configure:3475: checking for stdlib.h
configure:3491: gcc -c -g -O2   conftest.c >&5
configure:3497: $? = 0
configure:3501: test -z 
			 || test ! -s conftest.err
configure:3504: $? = 0
configure:3507: test -s conftest.o
configure:3510: $? = 0
configure:3521: result: yes
configure:3475: checking for string.h
configure:3491: gcc -c -g -O2   conftest.c >&5
configure:3497: $? = 0
configure:3501: test -z 
			 || test ! -s conftest.err
configure:3504: $? = 0
configure:3507: test -s conftest.o
configure:3510: $? = 0
configure:3521: result: yes
configure:3475: checking for memory.h
configure:3491: gcc -c -g -O2   conftest.c >&5
configure:3497: $? = 0
configure:3501: test -z 
			 || test ! -s conftest.err
configure:3504: $? = 0
configure:3507: test -s conftest.o
configure:3510: $? = 0
configure:3521: result: yes
configure:3475: checking for strings.h
configure:3491: gcc -c -g -O2   conftest.c >&5
configure:3497: $? = 0
configure:3501: test -z 
			 || test ! -s conftest.err
configure:3504: $? = 0
configure:3507: test -s conftest.o
configure:3510: $? = 0
configure:3521: result: yes
configure:3475: checking for inttypes.h
configure:3491: gcc -c -g -O2   conftest.c >&5
configure:3497: $? = 0
configure:3501: test -z 
			 || test ! -s conftest.err
configure:3504: $? = 0
configure:3507: test -s conftest.o
configure:3510: $? = 0
configure:3521: result: yes
configure:3475: checking for stdint.h
configure:3491: gcc -c -g -O2   conftest.c >&5
configure:3497: $? = 0
configure:3501: test -z 
			 || test ! -s conftest.err
configure:3504: $? = 0
configure:3507: test -s conftest.o
configure:3510: $? = 0
configure:3521: result: yes
configure:3475: checking for unistd.h
configure:3491: gcc -c -g -O2   conftest.c >&5
configure:3497: $? = 0
configure:3501: test -z 
			 || test ! -s conftest.err
configure:3504: $? = 0
configure:3507: test -s conftest.o
configure:3510: $? = 0
configure:3521: result: yes
configure:3533: checking for off_t
configure:3557: gcc -c -g -O2   conftest.c >&5
configure:3563: $? = 0
configure:3567: test -z 
			 || test ! -s conftest.err
configure:3570: $? = 0
configure:3573: test -s conftest.o
configure:3576: $? = 0
configure:3587: result: yes
configure:3599: checking for size_t
configure:3623: gcc -c -g -O2   conftest.c >&5
configure:3629: $? = 0
configure:3633: test -z 
			 || test ! -s conftest.err
configure:3636: $? = 0
configure:3639: test -s conftest.o
configure:3642: $? = 0
configure:3653: result: yes
configure:3667: checking for working alloca.h
configure:3688: gcc -o conftest -g -O2    conftest.c  >&5
configure:3694: $? = 0
configure:3698: test -z 
			 || test ! -s conftest.err
configure:3701: $? = 0
configure:3704: test -s conftest
configure:3707: $? = 0
configure:3719: result: yes
configure:3729: checking for alloca
configure:3770: gcc -o conftest -g -O2    conftest.c  >&5
configure:3776: $? = 0
configure:3780: test -z 
			 || test ! -s conftest.err
configure:3783: $? = 0
configure:3786: test -s conftest
configure:3789: $? = 0
configure:3801: result: yes
configure:4030: checking for stdlib.h
configure:4035: result: yes
configure:4030: checking for unistd.h
configure:4035: result: yes
configure:4179: checking for getpagesize
configure:4236: gcc -o conftest -g -O2    conftest.c  >&5
configure:4242: $? = 0
configure:4246: test -z 
			 || test ! -s conftest.err
configure:4249: $? = 0
configure:4252: test -s conftest
configure:4255: $? = 0
configure:4267: result: yes
configure:4277: checking for working mmap
configure:4419: gcc -o conftest -g -O2    conftest.c  >&5
configure:4422: $? = 0
configure:4424: ./conftest
configure:4427: $? = 0
configure:4441: result: yes
configure:4476: checking argz.h usability
configure:4488: gcc -c -g -O2   conftest.c >&5
conftest.c:59:18: error: argz.h: No such file or directory
configure:4494: $? = 1
configure: failed program was:
| /* confdefs.h.  */
| 
| #define PACKAGE_NAME ""
| #define PACKAGE_TARNAME ""
| #define PACKAGE_VERSION ""
| #define PACKAGE_STRING ""
| #define PACKAGE_BUGREPORT ""
| #define STDC_HEADERS 1
| #define HAVE_SYS_TYPES_H 1
| #define HAVE_SYS_STAT_H 1
| #define HAVE_STDLIB_H 1
| #define HAVE_STRING_H 1
| #define HAVE_MEMORY_H 1
| #define HAVE_STRINGS_H 1
| #define HAVE_INTTYPES_H 1
| #define HAVE_STDINT_H 1
| #define HAVE_UNISTD_H 1
| #define HAVE_ALLOCA_H 1
| #define HAVE_ALLOCA 1
| #define HAVE_STDLIB_H 1
| #define HAVE_UNISTD_H 1
| #define HAVE_GETPAGESIZE 1
| #define HAVE_MMAP 1
| /* end confdefs.h.  */
| #include <stdio.h>
| #if HAVE_SYS_TYPES_H
| # include <sys/types.h>
| #endif
| #if HAVE_SYS_STAT_H
| # include <sys/stat.h>
| #endif
| #if STDC_HEADERS
| # include <stdlib.h>
| # include <stddef.h>
| #else
| # if HAVE_STDLIB_H
| #  include <stdlib.h>
| # endif
| #endif
| #if HAVE_STRING_H
| # if !STDC_HEADERS && HAVE_MEMORY_H
| #  include <memory.h>
| # endif
| # include <string.h>
| #endif
| #if HAVE_STRINGS_H
| # include <strings.h>
| #endif
| #if HAVE_INTTYPES_H
| # include <inttypes.h>
| #else
| # if HAVE_STDINT_H
| #  include <stdint.h>
| # endif
| #endif
| #if HAVE_UNISTD_H
| # include <unistd.h>
| #endif
| #include <argz.h>
configure:4517: result: no
configure:4521: checking argz.h presence
configure:4531: gcc -E  conftest.c
conftest.c:25:18: error: argz.h: No such file or directory
configure:4537: $? = 1
configure: failed program was:
| /* confdefs.h.  */
| 
| #define PACKAGE_NAME ""
| #define PACKAGE_TARNAME ""
| #define PACKAGE_VERSION ""
| #define PACKAGE_STRING ""
| #define PACKAGE_BUGREPORT ""
| #define STDC_HEADERS 1
| #define HAVE_SYS_TYPES_H 1
| #define HAVE_SYS_STAT_H 1
| #define HAVE_STDLIB_H 1
| #define HAVE_STRING_H 1
| #define HAVE_MEMORY_H 1
| #define HAVE_STRINGS_H 1
| #define HAVE_INTTYPES_H 1
| #define HAVE_STDINT_H 1
| #define HAVE_UNISTD_H 1
| #define HAVE_ALLOCA_H 1
| #define HAVE_ALLOCA 1
| #define HAVE_STDLIB_H 1
| #define HAVE_UNISTD_H 1
| #define HAVE_GETPAGESIZE 1
| #define HAVE_MMAP 1
| /* end confdefs.h.  */
| #include <argz.h>
configure:4557: result: no
configure:4592: checking for argz.h
configure:4599: result: no
configure:4476: checking limits.h usability
configure:4488: gcc -c -g -O2   conftest.c >&5
configure:4494: $? = 0
configure:4498: test -z 
			 || test ! -s conftest.err
configure:4501: $? = 0
configure:4504: test -s conftest.o
configure:4507: $? = 0
configure:4517: result: yes
configure:4521: checking limits.h presence
configure:4531: gcc -E  conftest.c
configure:4537: $? = 0
configure:4557: result: yes
configure:4592: checking for limits.h
configure:4599: result: yes
configure:4476: checking locale.h usability
configure:4488: gcc -c -g -O2   conftest.c >&5
configure:4494: $? = 0
configure:4498: test -z 
			 || test ! -s conftest.err
configure:4501: $? = 0
configure:4504: test -s conftest.o
configure:4507: $? = 0
configure:4517: result: yes
configure:4521: checking locale.h presence
configure:4531: gcc -E  conftest.c
configure:4537: $? = 0
configure:4557: result: yes
configure:4592: checking for locale.h
configure:4599: result: yes
configure:4476: checking nl_types.h usability
configure:4488: gcc -c -g -O2   conftest.c >&5
configure:4494: $? = 0
configure:4498: test -z 
			 || test ! -s conftest.err
configure:4501: $? = 0
configure:4504: test -s conftest.o
configure:4507: $? = 0
configure:4517: result: yes
configure:4521: checking nl_types.h presence
configure:4531: gcc -E  conftest.c
configure:4537: $? = 0
configure:4557: result: yes
configure:4592: checking for nl_types.h
configure:4599: result: yes
configure:4476: checking malloc.h usability
configure:4488: gcc -c -g -O2   conftest.c >&5
conftest.c:62:20: error: malloc.h: No such file or directory
configure:4494: $? = 1
configure: failed program was:
| /* confdefs.h.  */
| 
| #define PACKAGE_NAME ""
| #define PACKAGE_TARNAME ""
| #define PACKAGE_VERSION ""
| #define PACKAGE_STRING ""
| #define PACKAGE_BUGREPORT ""
| #define STDC_HEADERS 1
| #define HAVE_SYS_TYPES_H 1
| #define HAVE_SYS_STAT_H 1
| #define HAVE_STDLIB_H 1
| #define HAVE_STRING_H 1
| #define HAVE_MEMORY_H 1
| #define HAVE_STRINGS_H 1
| #define HAVE_INTTYPES_H 1
| #define HAVE_STDINT_H 1
| #define HAVE_UNISTD_H 1
| #define HAVE_ALLOCA_H 1
| #define HAVE_ALLOCA 1
| #define HAVE_STDLIB_H 1
| #define HAVE_UNISTD_H 1
| #define HAVE_GETPAGESIZE 1
| #define HAVE_MMAP 1
| #define HAVE_LIMITS_H 1
| #define HAVE_LOCALE_H 1
| #define HAVE_NL_TYPES_H 1
| /* end confdefs.h.  */
| #include <stdio.h>
| #if HAVE_SYS_TYPES_H
| # include <sys/types.h>
| #endif
| #if HAVE_SYS_STAT_H
| # include <sys/stat.h>
| #endif
| #if STDC_HEADERS
| # include <stdlib.h>
| # include <stddef.h>
| #else
| # if HAVE_STDLIB_H
| #  include <stdlib.h>
| # endif
| #endif
| #if HAVE_STRING_H
| # if !STDC_HEADERS && HAVE_MEMORY_H
| #  include <memory.h>
| # endif
| # include <string.h>
| #endif
| #if HAVE_STRINGS_H
| # include <strings.h>
| #endif
| #if HAVE_INTTYPES_H
| # include <inttypes.h>
| #else
| # if HAVE_STDINT_H
| #  include <stdint.h>
| # endif
| #endif
| #if HAVE_UNISTD_H
| # include <unistd.h>
| #endif
| #include <malloc.h>
configure:4517: result: no
configure:4521: checking malloc.h presence
configure:4531: gcc -E  conftest.c
conftest.c:28:20: error: malloc.h: No such file or directory
configure:4537: $? = 1
configure: failed program was:
| /* confdefs.h.  */
| 
| #define PACKAGE_NAME ""
| #define PACKAGE_TARNAME ""
| #define PACKAGE_VERSION ""
| #define PACKAGE_STRING ""
| #define PACKAGE_BUGREPORT ""
| #define STDC_HEADERS 1
| #define HAVE_SYS_TYPES_H 1
| #define HAVE_SYS_STAT_H 1
| #define HAVE_STDLIB_H 1
| #define HAVE_STRING_H 1
| #define HAVE_MEMORY_H 1
| #define HAVE_STRINGS_H 1
| #define HAVE_INTTYPES_H 1
| #define HAVE_STDINT_H 1
| #define HAVE_UNISTD_H 1
| #define HAVE_ALLOCA_H 1
| #define HAVE_ALLOCA 1
| #define HAVE_STDLIB_H 1
| #define HAVE_UNISTD_H 1
| #define HAVE_GETPAGESIZE 1
| #define HAVE_MMAP 1
| #define HAVE_LIMITS_H 1
| #define HAVE_LOCALE_H 1
| #define HAVE_NL_TYPES_H 1
| /* end confdefs.h.  */
| #include <malloc.h>
configure:4557: result: no
configure:4592: checking for malloc.h
configure:4599: result: no
configure:4467: checking for string.h
configure:4472: result: yes
configure:4467: checking for unistd.h
configure:4472: result: yes
configure:4476: checking values.h usability
configure:4488: gcc -c -g -O2   conftest.c >&5
conftest.c:64:20: error: values.h: No such file or directory
configure:4494: $? = 1
configure: failed program was:
| /* confdefs.h.  */
| 
| #define PACKAGE_NAME ""
| #define PACKAGE_TARNAME ""
| #define PACKAGE_VERSION ""
| #define PACKAGE_STRING ""
| #define PACKAGE_BUGREPORT ""
| #define STDC_HEADERS 1
| #define HAVE_SYS_TYPES_H 1
| #define HAVE_SYS_STAT_H 1
| #define HAVE_STDLIB_H 1
| #define HAVE_STRING_H 1
| #define HAVE_MEMORY_H 1
| #define HAVE_STRINGS_H 1
| #define HAVE_INTTYPES_H 1
| #define HAVE_STDINT_H 1
| #define HAVE_UNISTD_H 1
| #define HAVE_ALLOCA_H 1
| #define HAVE_ALLOCA 1
| #define HAVE_STDLIB_H 1
| #define HAVE_UNISTD_H 1
| #define HAVE_GETPAGESIZE 1
| #define HAVE_MMAP 1
| #define HAVE_LIMITS_H 1
| #define HAVE_LOCALE_H 1
| #define HAVE_NL_TYPES_H 1
| #define HAVE_STRING_H 1
| #define HAVE_UNISTD_H 1
| /* end confdefs.h.  */
| #include <stdio.h>
| #if HAVE_SYS_TYPES_H
| # include <sys/types.h>
| #endif
| #if HAVE_SYS_STAT_H
| # include <sys/stat.h>
| #endif
| #if STDC_HEADERS
| # include <stdlib.h>
| # include <stddef.h>
| #else
| # if HAVE_STDLIB_H
| #  include <stdlib.h>
| # endif
| #endif
| #if HAVE_STRING_H
| # if !STDC_HEADERS && HAVE_MEMORY_H
| #  include <memory.h>
| # endif
| # include <string.h>
| #endif
| #if HAVE_STRINGS_H
| # include <strings.h>
| #endif
| #if HAVE_INTTYPES_H
| # include <inttypes.h>
| #else
| # if HAVE_STDINT_H
| #  include <stdint.h>
| # endif
| #endif
| #if HAVE_UNISTD_H
| # include <unistd.h>
| #endif
| #include <values.h>
configure:4517: result: no
configure:4521: checking values.h presence
configure:4531: gcc -E  conftest.c
conftest.c:30:20: error: values.h: No such file or directory
configure:4537: $? = 1
configure: failed program was:
| /* confdefs.h.  */
| 
| #define PACKAGE_NAME ""
| #define PACKAGE_TARNAME ""
| #define PACKAGE_VERSION ""
| #define PACKAGE_STRING ""
| #define PACKAGE_BUGREPORT ""
| #define STDC_HEADERS 1
| #define HAVE_SYS_TYPES_H 1
| #define HAVE_SYS_STAT_H 1
| #define HAVE_STDLIB_H 1
| #define HAVE_STRING_H 1
| #define HAVE_MEMORY_H 1
| #define HAVE_STRINGS_H 1
| #define HAVE_INTTYPES_H 1
| #define HAVE_STDINT_H 1
| #define HAVE_UNISTD_H 1
| #define HAVE_ALLOCA_H 1
| #define HAVE_ALLOCA 1
| #define HAVE_STDLIB_H 1
| #define HAVE_UNISTD_H 1
| #define HAVE_GETPAGESIZE 1
| #define HAVE_MMAP 1
| #define HAVE_LIMITS_H 1
| #define HAVE_LOCALE_H 1
| #define HAVE_NL_TYPES_H 1
| #define HAVE_STRING_H 1
| #define HAVE_UNISTD_H 1
| /* end confdefs.h.  */
| #include <values.h>
configure:4557: result: no
configure:4592: checking for values.h
configure:4599: result: no
configure:4476: checking sys/param.h usability
configure:4488: gcc -c -g -O2   conftest.c >&5
configure:4494: $? = 0
configure:4498: test -z 
			 || test ! -s conftest.err
configure:4501: $? = 0
configure:4504: test -s conftest.o
configure:4507: $? = 0
configure:4517: result: yes
configure:4521: checking sys/param.h presence
configure:4531: gcc -E  conftest.c
configure:4537: $? = 0
configure:4557: result: yes
configure:4592: checking for sys/param.h
configure:4599: result: yes
configure:4626: checking for getcwd
configure:4683: gcc -o conftest -g -O2    conftest.c  >&5
configure:4689: $? = 0
configure:4693: test -z 
			 || test ! -s conftest.err
configure:4696: $? = 0
configure:4699: test -s conftest
configure:4702: $? = 0
configure:4714: result: yes
configure:4626: checking for munmap
configure:4683: gcc -o conftest -g -O2    conftest.c  >&5
configure:4689: $? = 0
configure:4693: test -z 
			 || test ! -s conftest.err
configure:4696: $? = 0
configure:4699: test -s conftest
configure:4702: $? = 0
configure:4714: result: yes
configure:4626: checking for putenv
configure:4683: gcc -o conftest -g -O2    conftest.c  >&5
configure:4689: $? = 0
configure:4693: test -z 
			 || test ! -s conftest.err
configure:4696: $? = 0
configure:4699: test -s conftest
configure:4702: $? = 0
configure:4714: result: yes
configure:4626: checking for setenv
configure:4683: gcc -o conftest -g -O2    conftest.c  >&5
configure:4689: $? = 0
configure:4693: test -z 
			 || test ! -s conftest.err
configure:4696: $? = 0
configure:4699: test -s conftest
configure:4702: $? = 0
configure:4714: result: yes
configure:4626: checking for setlocale
configure:4683: gcc -o conftest -g -O2    conftest.c  >&5
configure:4689: $? = 0
configure:4693: test -z 
			 || test ! -s conftest.err
configure:4696: $? = 0
configure:4699: test -s conftest
configure:4702: $? = 0
configure:4714: result: yes
configure:4626: checking for strchr
configure:4683: gcc -o conftest -g -O2    conftest.c  >&5
conftest.c:60: warning: conflicting types for built-in function 'strchr'
configure:4689: $? = 0
configure:4693: test -z 
			 || test ! -s conftest.err
configure:4696: $? = 0
configure:4699: test -s conftest
configure:4702: $? = 0
configure:4714: result: yes
configure:4626: checking for strcasecmp
configure:4683: gcc -o conftest -g -O2    conftest.c  >&5
conftest.c:61: warning: conflicting types for built-in function 'strcasecmp'
configure:4689: $? = 0
configure:4693: test -z 
			 || test ! -s conftest.err
configure:4696: $? = 0
configure:4699: test -s conftest
configure:4702: $? = 0
configure:4714: result: yes
configure:4626: checking for __argz_count
configure:4683: gcc -o conftest -g -O2    conftest.c  >&5
Undefined symbols for architecture x86_64:
  "___argz_count", referenced from:
      _main in cc3EDWBo.o
      _f in cc3EDWBo.o
ld: symbol(s) not found for architecture x86_64
collect2: ld returned 1 exit status
configure:4689: $? = 1
configure: failed program was:
| /* confdefs.h.  */
| 
| #define PACKAGE_NAME ""
| #define PACKAGE_TARNAME ""
| #define PACKAGE_VERSION ""
| #define PACKAGE_STRING ""
| #define PACKAGE_BUGREPORT ""
| #define STDC_HEADERS 1
| #define HAVE_SYS_TYPES_H 1
| #define HAVE_SYS_STAT_H 1
| #define HAVE_STDLIB_H 1
| #define HAVE_STRING_H 1
| #define HAVE_MEMORY_H 1
| #define HAVE_STRINGS_H 1
| #define HAVE_INTTYPES_H 1
| #define HAVE_STDINT_H 1
| #define HAVE_UNISTD_H 1
| #define HAVE_ALLOCA_H 1
| #define HAVE_ALLOCA 1
| #define HAVE_STDLIB_H 1
| #define HAVE_UNISTD_H 1
| #define HAVE_GETPAGESIZE 1
| #define HAVE_MMAP 1
| #define HAVE_LIMITS_H 1
| #define HAVE_LOCALE_H 1
| #define HAVE_NL_TYPES_H 1
| #define HAVE_STRING_H 1
| #define HAVE_UNISTD_H 1
| #define HAVE_SYS_PARAM_H 1
| #define HAVE_GETCWD 1
| #define HAVE_MUNMAP 1
| #define HAVE_PUTENV 1
| #define HAVE_SETENV 1
| #define HAVE_SETLOCALE 1
| #define HAVE_STRCHR 1
| #define HAVE_STRCASECMP 1
| /* end confdefs.h.  */
| /* Define __argz_count to an innocuous variant, in case <limits.h> declares __argz_count.
|    For example, HP-UX 11i <limits.h> declares gettimeofday.  */
| #define __argz_count innocuous___argz_count
| 
| /* System header to define __stub macros and hopefully few prototypes,
|     which can conflict with char __argz_count (); below.
|     Prefer <limits.h> to <assert.h> if __STDC__ is defined, since
|     <limits.h> exists even on freestanding compilers.  */
| 
| #ifdef __STDC__
| # include <limits.h>
| #else
| # include <assert.h>
| #endif
| 
| #undef __argz_count
| 
| /* Override any gcc2 internal prototype to avoid an error.  */
| #ifdef __cplusplus
| extern "C"
| {
| #endif
| /* We use char because int might match the return type of a gcc2
|    builtin and then its argument prototype would still apply.  */
| char __argz_count ();
| /* The GNU C library defines this for functions which it implements
|     to always fail with ENOSYS.  Some functions are actually named
|     something starting with __ and the normal name is an alias.  */
| #if defined (__stub___argz_count) || defined (__stub_____argz_count)
| choke me
| #else
| char (*f) () = __argz_count;
| #endif
| #ifdef __cplusplus
| }
| #endif
| 
| int
| main ()
| {
| return f != __argz_count;
|   ;
|   return 0;
| }
configure:4714: result: no
configure:4626: checking for __argz_stringify
configure:4683: gcc -o conftest -g -O2    conftest.c  >&5
Undefined symbols for architecture x86_64:
  "___argz_stringify", referenced from:
      _main in cc5nRatF.o
      _f in cc5nRatF.o
ld: symbol(s) not found for architecture x86_64
collect2: ld returned 1 exit status
configure:4689: $? = 1
configure: failed program was:
| /* confdefs.h.  */
| 
| #define PACKAGE_NAME ""
| #define PACKAGE_TARNAME ""
| #define PACKAGE_VERSION ""
| #define PACKAGE_STRING ""
| #define PACKAGE_BUGREPORT ""
| #define STDC_HEADERS 1
| #define HAVE_SYS_TYPES_H 1
| #define HAVE_SYS_STAT_H 1
| #define HAVE_STDLIB_H 1
| #define HAVE_STRING_H 1
| #define HAVE_MEMORY_H 1
| #define HAVE_STRINGS_H 1
| #define HAVE_INTTYPES_H 1
| #define HAVE_STDINT_H 1
| #define HAVE_UNISTD_H 1
| #define HAVE_ALLOCA_H 1
| #define HAVE_ALLOCA 1
| #define HAVE_STDLIB_H 1
| #define HAVE_UNISTD_H 1
| #define HAVE_GETPAGESIZE 1
| #define HAVE_MMAP 1
| #define HAVE_LIMITS_H 1
| #define HAVE_LOCALE_H 1
| #define HAVE_NL_TYPES_H 1
| #define HAVE_STRING_H 1
| #define HAVE_UNISTD_H 1
| #define HAVE_SYS_PARAM_H 1
| #define HAVE_GETCWD 1
| #define HAVE_MUNMAP 1
| #define HAVE_PUTENV 1
| #define HAVE_SETENV 1
| #define HAVE_SETLOCALE 1
| #define HAVE_STRCHR 1
| #define HAVE_STRCASECMP 1
| /* end confdefs.h.  */
| /* Define __argz_stringify to an innocuous variant, in case <limits.h> declares __argz_stringify.
|    For example, HP-UX 11i <limits.h> declares gettimeofday.  */
| #define __argz_stringify innocuous___argz_stringify
| 
| /* System header to define __stub macros and hopefully few prototypes,
|     which can conflict with char __argz_stringify (); below.
|     Prefer <limits.h> to <assert.h> if __STDC__ is defined, since
|     <limits.h> exists even on freestanding compilers.  */
| 
| #ifdef __STDC__
| # include <limits.h>
| #else
| # include <assert.h>
| #endif
| 
| #undef __argz_stringify
| 
| /* Override any gcc2 internal prototype to avoid an error.  */
| #ifdef __cplusplus
| extern "C"
| {
| #endif
| /* We use char because int might match the return type of a gcc2
|    builtin and then its argument prototype would still apply.  */
| char __argz_stringify ();
| /* The GNU C library defines this for functions which it implements
|     to always fail with ENOSYS.  Some functions are actually named
|     something starting with __ and the normal name is an alias.  */
| #if defined (__stub___argz_stringify) || defined (__stub_____argz_stringify)
| choke me
| #else
| char (*f) () = __argz_stringify;
| #endif
| #ifdef __cplusplus
| }
| #endif
| 
| int
| main ()
| {
| return f != __argz_stringify;
|   ;
|   return 0;
| }
configure:4714: result: no
configure:4626: checking for __argz_next
configure:4683: gcc -o conftest -g -O2    conftest.c  >&5
Undefined symbols for architecture x86_64:
  "___argz_next", referenced from:
      _main in ccg41qYP.o
      _f in ccg41qYP.o
ld: symbol(s) not found for architecture x86_64
collect2: ld returned 1 exit status
configure:4689: $? = 1
configure: failed program was:
| /* confdefs.h.  */
| 
| #define PACKAGE_NAME ""
| #define PACKAGE_TARNAME ""
| #define PACKAGE_VERSION ""
| #define PACKAGE_STRING ""
| #define PACKAGE_BUGREPORT ""
| #define STDC_HEADERS 1
| #define HAVE_SYS_TYPES_H 1
| #define HAVE_SYS_STAT_H 1
| #define HAVE_STDLIB_H 1
| #define HAVE_STRING_H 1
| #define HAVE_MEMORY_H 1
| #define HAVE_STRINGS_H 1
| #define HAVE_INTTYPES_H 1
| #define HAVE_STDINT_H 1
| #define HAVE_UNISTD_H 1
| #define HAVE_ALLOCA_H 1
| #define HAVE_ALLOCA 1
| #define HAVE_STDLIB_H 1
| #define HAVE_UNISTD_H 1
| #define HAVE_GETPAGESIZE 1
| #define HAVE_MMAP 1
| #define HAVE_LIMITS_H 1
| #define HAVE_LOCALE_H 1
| #define HAVE_NL_TYPES_H 1
| #define HAVE_STRING_H 1
| #define HAVE_UNISTD_H 1
| #define HAVE_SYS_PARAM_H 1
| #define HAVE_GETCWD 1
| #define HAVE_MUNMAP 1
| #define HAVE_PUTENV 1
| #define HAVE_SETENV 1
| #define HAVE_SETLOCALE 1
| #define HAVE_STRCHR 1
| #define HAVE_STRCASECMP 1
| /* end confdefs.h.  */
| /* Define __argz_next to an innocuous variant, in case <limits.h> declares __argz_next.
|    For example, HP-UX 11i <limits.h> declares gettimeofday.  */
| #define __argz_next innocuous___argz_next
| 
| /* System header to define __stub macros and hopefully few prototypes,
|     which can conflict with char __argz_next (); below.
|     Prefer <limits.h> to <assert.h> if __STDC__ is defined, since
|     <limits.h> exists even on freestanding compilers.  */
| 
| #ifdef __STDC__
| # include <limits.h>
| #else
| # include <assert.h>
| #endif
| 
| #undef __argz_next
| 
| /* Override any gcc2 internal prototype to avoid an error.  */
| #ifdef __cplusplus
| extern "C"
| {
| #endif
| /* We use char because int might match the return type of a gcc2
|    builtin and then its argument prototype would still apply.  */
| char __argz_next ();
| /* The GNU C library defines this for functions which it implements
|     to always fail with ENOSYS.  Some functions are actually named
|     something starting with __ and the normal name is an alias.  */
| #if defined (__stub___argz_next) || defined (__stub_____argz_next)
| choke me
| #else
| char (*f) () = __argz_next;
| #endif
| #ifdef __cplusplus
| }
| #endif
| 
| int
| main ()
| {
| return f != __argz_next;
|   ;
|   return 0;
| }
configure:4714: result: no
configure:4730: checking for stpcpy
configure:4787: gcc -o conftest -g -O2    conftest.c  >&5
conftest.c:62: warning: conflicting types for built-in function 'stpcpy'
configure:4793: $? = 0
configure:4797: test -z 
			 || test ! -s conftest.err
configure:4800: $? = 0
configure:4803: test -s conftest
configure:4806: $? = 0
configure:4818: result: yes
configure:4838: checking for LC_MESSAGES
configure:4859: gcc -o conftest -g -O2    conftest.c  >&5
configure:4865: $? = 0
configure:4869: test -z 
			 || test ! -s conftest.err
configure:4872: $? = 0
configure:4875: test -s conftest
configure:4878: $? = 0
configure:4890: result: yes
configure:4900: checking whether NLS is requested
configure:4909: result: yes
configure:4916: checking whether included gettext is requested
configure:4926: result: no
configure:4945: checking libintl.h usability
configure:4957: gcc -c -g -O2   conftest.c >&5
conftest.c:75:21: error: libintl.h: No such file or directory
configure:4963: $? = 1
configure: failed program was:
| /* confdefs.h.  */
| 
| #define PACKAGE_NAME ""
| #define PACKAGE_TARNAME ""
| #define PACKAGE_VERSION ""
| #define PACKAGE_STRING ""
| #define PACKAGE_BUGREPORT ""
| #define STDC_HEADERS 1
| #define HAVE_SYS_TYPES_H 1
| #define HAVE_SYS_STAT_H 1
| #define HAVE_STDLIB_H 1
| #define HAVE_STRING_H 1
| #define HAVE_MEMORY_H 1
| #define HAVE_STRINGS_H 1
| #define HAVE_INTTYPES_H 1
| #define HAVE_STDINT_H 1
| #define HAVE_UNISTD_H 1
| #define HAVE_ALLOCA_H 1
| #define HAVE_ALLOCA 1
| #define HAVE_STDLIB_H 1
| #define HAVE_UNISTD_H 1
| #define HAVE_GETPAGESIZE 1
| #define HAVE_MMAP 1
| #define HAVE_LIMITS_H 1
| #define HAVE_LOCALE_H 1
| #define HAVE_NL_TYPES_H 1
| #define HAVE_STRING_H 1
| #define HAVE_UNISTD_H 1
| #define HAVE_SYS_PARAM_H 1
| #define HAVE_GETCWD 1
| #define HAVE_MUNMAP 1
| #define HAVE_PUTENV 1
| #define HAVE_SETENV 1
| #define HAVE_SETLOCALE 1
| #define HAVE_STRCHR 1
| #define HAVE_STRCASECMP 1
| #define HAVE_STPCPY 1
| #define HAVE_STPCPY 1
| #define HAVE_LC_MESSAGES 1
| /* end confdefs.h.  */
| #include <stdio.h>
| #if HAVE_SYS_TYPES_H
| # include <sys/types.h>
| #endif
| #if HAVE_SYS_STAT_H
| # include <sys/stat.h>
| #endif
| #if STDC_HEADERS
| # include <stdlib.h>
| # include <stddef.h>
| #else
| # if HAVE_STDLIB_H
| #  include <stdlib.h>
| # endif
| #endif
| #if HAVE_STRING_H
| # if !STDC_HEADERS && HAVE_MEMORY_H
| #  include <memory.h>
| # endif
| # include <string.h>
| #endif
| #if HAVE_STRINGS_H
| # include <strings.h>
| #endif
| #if HAVE_INTTYPES_H
| # include <inttypes.h>
| #else
| # if HAVE_STDINT_H
| #  include <stdint.h>
| # endif
| #endif
| #if HAVE_UNISTD_H
| # include <unistd.h>
| #endif
| #include <libintl.h>
configure:4986: result: no
configure:4990: checking libintl.h presence
configure:5000: gcc -E  conftest.c
conftest.c:41:21: error: libintl.h: No such file or directory
configure:5006: $? = 1
configure: failed program was:
| /* confdefs.h.  */
| 
| #define PACKAGE_NAME ""
| #define PACKAGE_TARNAME ""
| #define PACKAGE_VERSION ""
| #define PACKAGE_STRING ""
| #define PACKAGE_BUGREPORT ""
| #define STDC_HEADERS 1
| #define HAVE_SYS_TYPES_H 1
| #define HAVE_SYS_STAT_H 1
| #define HAVE_STDLIB_H 1
| #define HAVE_STRING_H 1
| #define HAVE_MEMORY_H 1
| #define HAVE_STRINGS_H 1
| #define HAVE_INTTYPES_H 1
| #define HAVE_STDINT_H 1
| #define HAVE_UNISTD_H 1
| #define HAVE_ALLOCA_H 1
| #define HAVE_ALLOCA 1
| #define HAVE_STDLIB_H 1
| #define HAVE_UNISTD_H 1
| #define HAVE_GETPAGESIZE 1
| #define HAVE_MMAP 1
| #define HAVE_LIMITS_H 1
| #define HAVE_LOCALE_H 1
| #define HAVE_NL_TYPES_H 1
| #define HAVE_STRING_H 1
| #define HAVE_UNISTD_H 1
| #define HAVE_SYS_PARAM_H 1
| #define HAVE_GETCWD 1
| #define HAVE_MUNMAP 1
| #define HAVE_PUTENV 1
| #define HAVE_SETENV 1
| #define HAVE_SETLOCALE 1
| #define HAVE_STRCHR 1
| #define HAVE_STRCASECMP 1
| #define HAVE_STPCPY 1
| #define HAVE_STPCPY 1
| #define HAVE_LC_MESSAGES 1
| /* end confdefs.h.  */
| #include <libintl.h>
configure:5026: result: no
configure:5061: checking for libintl.h
configure:5068: result: no
configure:5668: result: found xgettext programs is not GNU xgettext; ignore it
configure:5942: checking for stdlib.h
configure:5947: result: yes
configure:5942: checking for string.h
configure:5947: result: yes
configure:5942: checking for strings.h
configure:5947: result: yes
configure:5942: checking for unistd.h
configure:5947: result: yes
configure:5951: checking time.h usability
configure:5963: gcc -c -g -O2   conftest.c >&5
configure:5969: $? = 0
configure:5973: test -z 
			 || test ! -s conftest.err
configure:5976: $? = 0
configure:5979: test -s conftest.o
configure:5982: $? = 0
configure:5992: result: yes
configure:5996: checking time.h presence
configure:6006: gcc -E  conftest.c
configure:6012: $? = 0
configure:6032: result: yes
configure:6067: checking for time.h
configure:6074: result: yes
configure:6102: checking sys/time.h usability
configure:6114: gcc -c -g -O2   conftest.c >&5
configure:6120: $? = 0
configure:6124: test -z 
			 || test ! -s conftest.err
configure:6127: $? = 0
configure:6130: test -s conftest.o
configure:6133: $? = 0
configure:6143: result: yes
configure:6147: checking sys/time.h presence
configure:6157: gcc -E  conftest.c
configure:6163: $? = 0
configure:6183: result: yes
configure:6218: checking for sys/time.h
configure:6225: result: yes
configure:6102: checking sys/resource.h usability
configure:6114: gcc -c -g -O2   conftest.c >&5
configure:6120: $? = 0
configure:6124: test -z 
			 || test ! -s conftest.err
configure:6127: $? = 0
configure:6130: test -s conftest.o
configure:6133: $? = 0
configure:6143: result: yes
configure:6147: checking sys/resource.h presence
configure:6157: gcc -E  conftest.c
configure:6163: $? = 0
configure:6183: result: yes
configure:6218: checking for sys/resource.h
configure:6225: result: yes
configure:6253: checking fcntl.h usability
configure:6265: gcc -c -g -O2   conftest.c >&5
configure:6271: $? = 0
configure:6275: test -z 
			 || test ! -s conftest.err
configure:6278: $? = 0
configure:6281: test -s conftest.o
configure:6284: $? = 0
configure:6294: result: yes
configure:6298: checking fcntl.h presence
configure:6308: gcc -E  conftest.c
configure:6314: $? = 0
configure:6334: result: yes
configure:6369: checking for fcntl.h
configure:6376: result: yes
configure:6253: checking fpu_control.h usability
configure:6265: gcc -c -g -O2   conftest.c >&5
conftest.c:83:25: error: fpu_control.h: No such file or directory
configure:6271: $? = 1
configure: failed program was:
| /* confdefs.h.  */
| 
| #define PACKAGE_NAME ""
| #define PACKAGE_TARNAME ""
| #define PACKAGE_VERSION ""
| #define PACKAGE_STRING ""
| #define PACKAGE_BUGREPORT ""
| #define STDC_HEADERS 1
| #define HAVE_SYS_TYPES_H 1
| #define HAVE_SYS_STAT_H 1
| #define HAVE_STDLIB_H 1
| #define HAVE_STRING_H 1
| #define HAVE_MEMORY_H 1
| #define HAVE_STRINGS_H 1
| #define HAVE_INTTYPES_H 1
| #define HAVE_STDINT_H 1
| #define HAVE_UNISTD_H 1
| #define HAVE_ALLOCA_H 1
| #define HAVE_ALLOCA 1
| #define HAVE_STDLIB_H 1
| #define HAVE_UNISTD_H 1
| #define HAVE_GETPAGESIZE 1
| #define HAVE_MMAP 1
| #define HAVE_LIMITS_H 1
| #define HAVE_LOCALE_H 1
| #define HAVE_NL_TYPES_H 1
| #define HAVE_STRING_H 1
| #define HAVE_UNISTD_H 1
| #define HAVE_SYS_PARAM_H 1
| #define HAVE_GETCWD 1
| #define HAVE_MUNMAP 1
| #define HAVE_PUTENV 1
| #define HAVE_SETENV 1
| #define HAVE_SETLOCALE 1
| #define HAVE_STRCHR 1
| #define HAVE_STRCASECMP 1
| #define HAVE_STPCPY 1
| #define HAVE_STPCPY 1
| #define HAVE_LC_MESSAGES 1
| #define HAVE_STDLIB_H 1
| #define HAVE_STRING_H 1
| #define HAVE_STRINGS_H 1
| #define HAVE_UNISTD_H 1
| #define HAVE_TIME_H 1
| #define HAVE_SYS_TIME_H 1
| #define HAVE_SYS_RESOURCE_H 1
| #define HAVE_FCNTL_H 1
| /* end confdefs.h.  */
| #include <stdio.h>
| #if HAVE_SYS_TYPES_H
| # include <sys/types.h>
| #endif
| #if HAVE_SYS_STAT_H
| # include <sys/stat.h>
| #endif
| #if STDC_HEADERS
| # include <stdlib.h>
| # include <stddef.h>
| #else
| # if HAVE_STDLIB_H
| #  include <stdlib.h>
| # endif
| #endif
| #if HAVE_STRING_H
| # if !STDC_HEADERS && HAVE_MEMORY_H
| #  include <memory.h>
| # endif
| # include <string.h>
| #endif
| #if HAVE_STRINGS_H
| # include <strings.h>
| #endif
| #if HAVE_INTTYPES_H
| # include <inttypes.h>
| #else
| # if HAVE_STDINT_H
| #  include <stdint.h>
| # endif
| #endif
| #if HAVE_UNISTD_H
| # include <unistd.h>
| #endif
| #include <fpu_control.h>
configure:6294: result: no
configure:6298: checking fpu_control.h presence
configure:6308: gcc -E  conftest.c
conftest.c:49:25: error: fpu_control.h: No such file or directory
configure:6314: $? = 1
configure: failed program was:
| /* confdefs.h.  */
| 
| #define PACKAGE_NAME ""
| #define PACKAGE_TARNAME ""
| #define PACKAGE_VERSION ""
| #define PACKAGE_STRING ""
| #define PACKAGE_BUGREPORT ""
| #define STDC_HEADERS 1
| #define HAVE_SYS_TYPES_H 1
| #define HAVE_SYS_STAT_H 1
| #define HAVE_STDLIB_H 1
| #define HAVE_STRING_H 1
| #define HAVE_MEMORY_H 1
| #define HAVE_STRINGS_H 1
| #define HAVE_INTTYPES_H 1
| #define HAVE_STDINT_H 1
| #define HAVE_UNISTD_H 1
| #define HAVE_ALLOCA_H 1
| #define HAVE_ALLOCA 1
| #define HAVE_STDLIB_H 1
| #define HAVE_UNISTD_H 1
| #define HAVE_GETPAGESIZE 1
| #define HAVE_MMAP 1
| #define HAVE_LIMITS_H 1
| #define HAVE_LOCALE_H 1
| #define HAVE_NL_TYPES_H 1
| #define HAVE_STRING_H 1
| #define HAVE_UNISTD_H 1
| #define HAVE_SYS_PARAM_H 1
| #define HAVE_GETCWD 1
| #define HAVE_MUNMAP 1
| #define HAVE_PUTENV 1
| #define HAVE_SETENV 1
| #define HAVE_SETLOCALE 1
| #define HAVE_STRCHR 1
| #define HAVE_STRCASECMP 1
| #define HAVE_STPCPY 1
| #define HAVE_STPCPY 1
| #define HAVE_LC_MESSAGES 1
| #define HAVE_STDLIB_H 1
| #define HAVE_STRING_H 1
| #define HAVE_STRINGS_H 1
| #define HAVE_UNISTD_H 1
| #define HAVE_TIME_H 1
| #define HAVE_SYS_TIME_H 1
| #define HAVE_SYS_RESOURCE_H 1
| #define HAVE_FCNTL_H 1
| /* end confdefs.h.  */
| #include <fpu_control.h>
configure:6334: result: no
configure:6369: checking for fpu_control.h
configure:6376: result: no
configure:6405: checking dlfcn.h usability
configure:6417: gcc -c -g -O2   conftest.c >&5
configure:6423: $? = 0
configure:6427: test -z 
			 || test ! -s conftest.err
configure:6430: $? = 0
configure:6433: test -s conftest.o
configure:6436: $? = 0
configure:6446: result: yes
configure:6450: checking dlfcn.h presence
configure:6460: gcc -E  conftest.c
configure:6466: $? = 0
configure:6486: result: yes
configure:6521: checking for dlfcn.h
configure:6528: result: yes
configure:6405: checking errno.h usability
configure:6417: gcc -c -g -O2   conftest.c >&5
configure:6423: $? = 0
configure:6427: test -z 
			 || test ! -s conftest.err
configure:6430: $? = 0
configure:6433: test -s conftest.o
configure:6436: $? = 0
configure:6446: result: yes
configure:6450: checking errno.h presence
configure:6460: gcc -E  conftest.c
configure:6466: $? = 0
configure:6486: result: yes
configure:6521: checking for errno.h
configure:6528: result: yes
configure:6396: checking for sys/stat.h
configure:6401: result: yes
configure:6548: checking for getrusage
configure:6605: gcc -o conftest -g -O2    conftest.c  >&5
configure:6611: $? = 0
configure:6615: test -z 
			 || test ! -s conftest.err
configure:6618: $? = 0
configure:6621: test -s conftest
configure:6624: $? = 0
configure:6636: result: yes
configure:6548: checking for time
configure:6605: gcc -o conftest -g -O2    conftest.c  >&5
configure:6611: $? = 0
configure:6615: test -z 
			 || test ! -s conftest.err
configure:6618: $? = 0
configure:6621: test -s conftest
configure:6624: $? = 0
configure:6636: result: yes
configure:6548: checking for sigaction
configure:6605: gcc -o conftest -g -O2    conftest.c  >&5
configure:6611: $? = 0
configure:6615: test -z 
			 || test ! -s conftest.err
configure:6618: $? = 0
configure:6621: test -s conftest
configure:6624: $? = 0
configure:6636: result: yes
configure:6548: checking for __setfpucw
configure:6605: gcc -o conftest -g -O2    conftest.c  >&5
Undefined symbols for architecture x86_64:
  "___setfpucw", referenced from:
      _main in cc6QtcH0.o
      _f in cc6QtcH0.o
ld: symbol(s) not found for architecture x86_64
collect2: ld returned 1 exit status
configure:6611: $? = 1
configure: failed program was:
| /* confdefs.h.  */
| 
| #define PACKAGE_NAME ""
| #define PACKAGE_TARNAME ""
| #define PACKAGE_VERSION ""
| #define PACKAGE_STRING ""
| #define PACKAGE_BUGREPORT ""
| #define STDC_HEADERS 1
| #define HAVE_SYS_TYPES_H 1
| #define HAVE_SYS_STAT_H 1
| #define HAVE_STDLIB_H 1
| #define HAVE_STRING_H 1
| #define HAVE_MEMORY_H 1
| #define HAVE_STRINGS_H 1
| #define HAVE_INTTYPES_H 1
| #define HAVE_STDINT_H 1
| #define HAVE_UNISTD_H 1
| #define HAVE_ALLOCA_H 1
| #define HAVE_ALLOCA 1
| #define HAVE_STDLIB_H 1
| #define HAVE_UNISTD_H 1
| #define HAVE_GETPAGESIZE 1
| #define HAVE_MMAP 1
| #define HAVE_LIMITS_H 1
| #define HAVE_LOCALE_H 1
| #define HAVE_NL_TYPES_H 1
| #define HAVE_STRING_H 1
| #define HAVE_UNISTD_H 1
| #define HAVE_SYS_PARAM_H 1
| #define HAVE_GETCWD 1
| #define HAVE_MUNMAP 1
| #define HAVE_PUTENV 1
| #define HAVE_SETENV 1
| #define HAVE_SETLOCALE 1
| #define HAVE_STRCHR 1
| #define HAVE_STRCASECMP 1
| #define HAVE_STPCPY 1
| #define HAVE_STPCPY 1
| #define HAVE_LC_MESSAGES 1
| #define HAVE_STDLIB_H 1
| #define HAVE_STRING_H 1
| #define HAVE_STRINGS_H 1
| #define HAVE_UNISTD_H 1
| #define HAVE_TIME_H 1
| #define HAVE_SYS_TIME_H 1
| #define HAVE_SYS_RESOURCE_H 1
| #define HAVE_FCNTL_H 1
| #define HAVE_DLFCN_H 1
| #define HAVE_ERRNO_H 1
| #define HAVE_SYS_STAT_H 1
| #define HAVE_GETRUSAGE 1
| #define HAVE_TIME 1
| #define HAVE_SIGACTION 1
| /* end confdefs.h.  */
| /* Define __setfpucw to an innocuous variant, in case <limits.h> declares __setfpucw.
|    For example, HP-UX 11i <limits.h> declares gettimeofday.  */
| #define __setfpucw innocuous___setfpucw
| 
| /* System header to define __stub macros and hopefully few prototypes,
|     which can conflict with char __setfpucw (); below.
|     Prefer <limits.h> to <assert.h> if __STDC__ is defined, since
|     <limits.h> exists even on freestanding compilers.  */
| 
| #ifdef __STDC__
| # include <limits.h>
| #else
| # include <assert.h>
| #endif
| 
| #undef __setfpucw
| 
| /* Override any gcc2 internal prototype to avoid an error.  */
| #ifdef __cplusplus
| extern "C"
| {
| #endif
| /* We use char because int might match the return type of a gcc2
|    builtin and then its argument prototype would still apply.  */
| char __setfpucw ();
| /* The GNU C library defines this for functions which it implements
|     to always fail with ENOSYS.  Some functions are actually named
|     something starting with __ and the normal name is an alias.  */
| #if defined (__stub___setfpucw) || defined (__stub_____setfpucw)
| choke me
| #else
| char (*f) () = __setfpucw;
| #endif
| #ifdef __cplusplus
| }
| #endif
| 
| int
| main ()
| {
| return f != __setfpucw;
|   ;
|   return 0;
| }
configure:6636: result: no
configure:6649: checking for bind in -lsocket
configure:6679: gcc -o conftest -g -O2    conftest.c -lsocket   >&5
ld: library not found for -lsocket
collect2: ld returned 1 exit status
configure:6685: $? = 1
configure: failed program was:
| /* confdefs.h.  */
| 
| #define PACKAGE_NAME ""
| #define PACKAGE_TARNAME ""
| #define PACKAGE_VERSION ""
| #define PACKAGE_STRING ""
| #define PACKAGE_BUGREPORT ""
| #define STDC_HEADERS 1
| #define HAVE_SYS_TYPES_H 1
| #define HAVE_SYS_STAT_H 1
| #define HAVE_STDLIB_H 1
| #define HAVE_STRING_H 1
| #define HAVE_MEMORY_H 1
| #define HAVE_STRINGS_H 1
| #define HAVE_INTTYPES_H 1
| #define HAVE_STDINT_H 1
| #define HAVE_UNISTD_H 1
| #define HAVE_ALLOCA_H 1
| #define HAVE_ALLOCA 1
| #define HAVE_STDLIB_H 1
| #define HAVE_UNISTD_H 1
| #define HAVE_GETPAGESIZE 1
| #define HAVE_MMAP 1
| #define HAVE_LIMITS_H 1
| #define HAVE_LOCALE_H 1
| #define HAVE_NL_TYPES_H 1
| #define HAVE_STRING_H 1
| #define HAVE_UNISTD_H 1
| #define HAVE_SYS_PARAM_H 1
| #define HAVE_GETCWD 1
| #define HAVE_MUNMAP 1
| #define HAVE_PUTENV 1
| #define HAVE_SETENV 1
| #define HAVE_SETLOCALE 1
| #define HAVE_STRCHR 1
| #define HAVE_STRCASECMP 1
| #define HAVE_STPCPY 1
| #define HAVE_STPCPY 1
| #define HAVE_LC_MESSAGES 1
| #define HAVE_STDLIB_H 1
| #define HAVE_STRING_H 1
| #define HAVE_STRINGS_H 1
| #define HAVE_UNISTD_H 1
| #define HAVE_TIME_H 1
| #define HAVE_SYS_TIME_H 1
| #define HAVE_SYS_RESOURCE_H 1
| #define HAVE_FCNTL_H 1
| #define HAVE_DLFCN_H 1
| #define HAVE_ERRNO_H 1
| #define HAVE_SYS_STAT_H 1
| #define HAVE_GETRUSAGE 1
| #define HAVE_TIME 1
| #define HAVE_SIGACTION 1
| /* end confdefs.h.  */
| 
| /* Override any gcc2 internal prototype to avoid an error.  */
| #ifdef __cplusplus
| extern "C"
| #endif
| /* We use char because int might match the return type of a gcc2
|    builtin and then its argument prototype would still apply.  */
| char bind ();
| int
| main ()
| {
| bind ();
|   ;
|   return 0;
| }
configure:6711: result: no
configure:6723: checking for gethostbyname in -lnsl
configure:6753: gcc -o conftest -g -O2    conftest.c -lnsl   >&5
ld: library not found for -lnsl
collect2: ld returned 1 exit status
configure:6759: $? = 1
configure: failed program was:
| /* confdefs.h.  */
| 
| #define PACKAGE_NAME ""
| #define PACKAGE_TARNAME ""
| #define PACKAGE_VERSION ""
| #define PACKAGE_STRING ""
| #define PACKAGE_BUGREPORT ""
| #define STDC_HEADERS 1
| #define HAVE_SYS_TYPES_H 1
| #define HAVE_SYS_STAT_H 1
| #define HAVE_STDLIB_H 1
| #define HAVE_STRING_H 1
| #define HAVE_MEMORY_H 1
| #define HAVE_STRINGS_H 1
| #define HAVE_INTTYPES_H 1
| #define HAVE_STDINT_H 1
| #define HAVE_UNISTD_H 1
| #define HAVE_ALLOCA_H 1
| #define HAVE_ALLOCA 1
| #define HAVE_STDLIB_H 1
| #define HAVE_UNISTD_H 1
| #define HAVE_GETPAGESIZE 1
| #define HAVE_MMAP 1
| #define HAVE_LIMITS_H 1
| #define HAVE_LOCALE_H 1
| #define HAVE_NL_TYPES_H 1
| #define HAVE_STRING_H 1
| #define HAVE_UNISTD_H 1
| #define HAVE_SYS_PARAM_H 1
| #define HAVE_GETCWD 1
| #define HAVE_MUNMAP 1
| #define HAVE_PUTENV 1
| #define HAVE_SETENV 1
| #define HAVE_SETLOCALE 1
| #define HAVE_STRCHR 1
| #define HAVE_STRCASECMP 1
| #define HAVE_STPCPY 1
| #define HAVE_STPCPY 1
| #define HAVE_LC_MESSAGES 1
| #define HAVE_STDLIB_H 1
| #define HAVE_STRING_H 1
| #define HAVE_STRINGS_H 1
| #define HAVE_UNISTD_H 1
| #define HAVE_TIME_H 1
| #define HAVE_SYS_TIME_H 1
| #define HAVE_SYS_RESOURCE_H 1
| #define HAVE_FCNTL_H 1
| #define HAVE_DLFCN_H 1
| #define HAVE_ERRNO_H 1
| #define HAVE_SYS_STAT_H 1
| #define HAVE_GETRUSAGE 1
| #define HAVE_TIME 1
| #define HAVE_SIGACTION 1
| /* end confdefs.h.  */
| 
| /* Override any gcc2 internal prototype to avoid an error.  */
| #ifdef __cplusplus
| extern "C"
| #endif
| /* We use char because int might match the return type of a gcc2
|    builtin and then its argument prototype would still apply.  */
| char gethostbyname ();
| int
| main ()
| {
| gethostbyname ();
|   ;
|   return 0;
| }
configure:6785: result: no
configure:6945: checking return type of signal handlers
configure:6976: gcc -c -g -O2   conftest.c >&5
configure:6982: $? = 0
configure:6986: test -z 
			 || test ! -s conftest.err
configure:6989: $? = 0
configure:6992: test -s conftest.o
configure:6995: $? = 0
configure:7006: result: void
configure:7042: checking for unistd.h
configure:7047: result: yes
configure:7042: checking for stdint.h
configure:7047: result: yes
configure:7312: creating ./config.status

## ---------------------- ##
## Running config.status. ##
## ---------------------- ##

This file was extended by config.status, which was
generated by GNU Autoconf 2.59.  Invocation command line was

  CONFIG_FILES    = 
  CONFIG_HEADERS  = 
  CONFIG_LINKS    = 
  CONFIG_COMMANDS = 
  $ ./config.status 

on routerroaches

config.status:733: creating Makefile.sim
config.status:733: creating Make-common.sim
config.status:733: creating .gdbinit
config.status:830: creating config.h
config.status:1083: linking ../../../../gdb-6.4/sim/arm/tconfig.in to tconfig.h
config.status:1083: linking ../../../../gdb-6.4/sim/arm/../common/nltvals.def to targ-vals.def
config.status:1320: executing Makefile commands
config.status:1320: executing stamp-h commands

## ---------------- ##
## Cache variables. ##
## ---------------- ##

ac_cv_build=i686-apple-darwin11.2.0
ac_cv_build_alias=i686-apple-darwin11.2.0
ac_cv_c_compiler_gnu=yes
ac_cv_c_const=yes
ac_cv_c_inline=inline
ac_cv_env_CC_set=set
ac_cv_env_CC_value=gcc
ac_cv_env_CFLAGS_set=set
ac_cv_env_CFLAGS_value='-g -O2 '
ac_cv_env_CPPFLAGS_set=
ac_cv_env_CPPFLAGS_value=
ac_cv_env_CPP_set=
ac_cv_env_CPP_value=
ac_cv_env_LDFLAGS_set=set
ac_cv_env_LDFLAGS_value=
ac_cv_env_build_alias_set=set
ac_cv_env_build_alias_value=i686-apple-darwin11.2.0
ac_cv_env_host_alias_set=set
ac_cv_env_host_alias_value=i686-apple-darwin11.2.0
ac_cv_env_target_alias_set=set
ac_cv_env_target_alias_value=armv5e-elf
ac_cv_exeext=
ac_cv_func___argz_count=no
ac_cv_func___argz_next=no
ac_cv_func___argz_stringify=no
ac_cv_func___setfpucw=no
ac_cv_func_alloca_works=yes
ac_cv_func_getcwd=yes
ac_cv_func_getpagesize=yes
ac_cv_func_getrusage=yes
ac_cv_func_mmap_fixed_mapped=yes
ac_cv_func_munmap=yes
ac_cv_func_putenv=yes
ac_cv_func_setenv=yes
ac_cv_func_setlocale=yes
ac_cv_func_sigaction=yes
ac_cv_func_stpcpy=yes
ac_cv_func_strcasecmp=yes
ac_cv_func_strchr=yes
ac_cv_func_time=yes
ac_cv_header_argz_h=no
ac_cv_header_dlfcn_h=yes
ac_cv_header_errno_h=yes
ac_cv_header_fcntl_h=yes
ac_cv_header_fpu_control_h=no
ac_cv_header_inttypes_h=yes
ac_cv_header_libintl_h=no
ac_cv_header_limits_h=yes
ac_cv_header_locale_h=yes
ac_cv_header_malloc_h=no
ac_cv_header_memory_h=yes
ac_cv_header_nl_types_h=yes
ac_cv_header_stdc=yes
ac_cv_header_stdint_h=yes
ac_cv_header_stdlib_h=yes
ac_cv_header_string_h=yes
ac_cv_header_strings_h=yes
ac_cv_header_sys_param_h=yes
ac_cv_header_sys_resource_h=yes
ac_cv_header_sys_stat_h=yes
ac_cv_header_sys_time_h=yes
ac_cv_header_sys_types_h=yes
ac_cv_header_time_h=yes
ac_cv_header_unistd_h=yes
ac_cv_header_values_h=no
ac_cv_host=i686-apple-darwin11.2.0
ac_cv_host_alias=i686-apple-darwin11.2.0
ac_cv_lib_nsl_gethostbyname=no
ac_cv_lib_socket_bind=no
ac_cv_objext=o
ac_cv_prog_AR=ar
ac_cv_prog_CC=gcc
ac_cv_prog_CPP='gcc -E'
ac_cv_prog_RANLIB=ranlib
ac_cv_prog_cc_g=yes
ac_cv_prog_cc_stdc=
ac_cv_prog_egrep='grep -E'
ac_cv_prog_make_make_set=yes
ac_cv_search_strerror='none required'
ac_cv_target=armv5e-unknown-elf
ac_cv_target_alias=armv5e-elf
ac_cv_type_off_t=yes
ac_cv_type_signal=void
ac_cv_type_size_t=yes
ac_cv_working_alloca_h=yes
am_cv_val_LC_MESSAGES=yes
nls_cv_force_use_gnu_gettext=no
nls_cv_header_intl=
nls_cv_header_libgt=
nls_cv_use_gnu_gettext=no

## ----------------- ##
## Output variables. ##
## ----------------- ##

ALLOCA=''
AR='ar'
CATALOGS=''
CATOBJEXT=''
CC='gcc'
CC_FOR_BUILD='$(CC)'
CFLAGS='-g -O2 '
COPRO='armcopro.o maverick.o iwmmxt.o'
CPP='gcc -E'
CPPFLAGS=''
DATADIRNAME=''
DEFS='-DHAVE_CONFIG_H'
ECHO_C='ECHO_N=''
ECHO_T=''
EGREP='grep -E'
EXEEXT=''
GMOFILES=''
GMSGFMT=''
GT_NO=''
GT_YES='#YES#'
HDEFINES=''
INCLUDE_LOCALE_H='#include <locale.h>'
INSTALL_DATA='/opt/local/bin/ginstall -c -m 644'
INSTALL_PROGRAM='/opt/local/bin/ginstall -c'
INSTALL_SCRIPT='/opt/local/bin/ginstall -c'
INSTOBJEXT=''
INTLDEPS=''
INTLLIBS=''
INTLOBJS=''
LDFLAGS=''
LIBOBJS=''
LIBS=''
LTLIBOBJS=''
MAINT='#'
MKINSTALLDIRS='$(srcdir)/../../mkinstalldirs'
MSGFMT=''
OBJEXT='o'
PACKAGE_BUGREPORT=''
PACKAGE_NAME=''
PACKAGE_STRING=''
PACKAGE_TARNAME=''
PACKAGE_VERSION=''
PATH_SEPARATOR=':'
POFILES=''
POSUB='po'
RANLIB='ranlib'
SET_MAKE=''
SHELL='/bin/sh'
USE_INCLUDED_LIBINTL='no'
USE_NLS='yes'
WARN_CFLAGS=''
WERROR_CFLAGS=''
XGETTEXT=':'
ac_ct_CC=''
ac_ct_RANLIB=''
bindir='${exec_prefix}/bin'
build='i686-apple-darwin11.2.0'
build_alias='i686-apple-darwin11.2.0'
build_cpu='i686'
build_os='darwin11.2.0'
build_vendor='apple'
cgen_breaks=''
datadir='${prefix}/share'
exec_prefix='${prefix}'
host='i686-apple-darwin11.2.0'
host_alias='i686-apple-darwin11.2.0'
host_cpu='i686'
host_os='darwin11.2.0'
host_vendor='apple'
includedir='${prefix}/include'
infodir='${prefix}/info'
l=''
libdir='${exec_prefix}/lib'
libexecdir='${exec_prefix}/libexec'
localstatedir='${prefix}/var'
mandir='${prefix}/man'
oldincludedir='/usr/include'
prefix='/Users/rafael/mc404/install'
program_transform_name='s,^,armv5e-elf-,;'
sbindir='${exec_prefix}/sbin'
sharedstatedir='${prefix}/com'
sim_alignment=''
sim_assert=''
sim_bitsize=''
sim_bswap=''
sim_cflags=''
sim_debug=''
sim_default_model=''
sim_endian=''
sim_environment=''
sim_float=''
sim_hostendian=''
sim_hw=''
sim_hw_cflags=''
sim_hw_objs=''
sim_inline='-DDEFAULT_INLINE=0'
sim_packages=''
sim_profile='-DPROFILE=1 -DWITH_PROFILE=-1'
sim_regparm=''
sim_reserved_bits=''
sim_scache=''
sim_smp=''
sim_stdcall=''
sim_stdio=''
sim_trace=''
sim_xor_endian=''
sysconfdir='${prefix}/etc'
target='armv5e-unknown-elf'
target_alias='armv5e-elf'
target_cpu='armv5e'
target_os='elf'
target_vendor='unknown'

## ----------- ##
## confdefs.h. ##
## ----------- ##

#define HAVE_ALLOCA 1
#define HAVE_ALLOCA_H 1
#define HAVE_DLFCN_H 1
#define HAVE_ERRNO_H 1
#define HAVE_FCNTL_H 1
#define HAVE_GETCWD 1
#define HAVE_GETPAGESIZE 1
#define HAVE_GETRUSAGE 1
#define HAVE_INTTYPES_H 1
#define HAVE_LC_MESSAGES 1
#define HAVE_LIMITS_H 1
#define HAVE_LOCALE_H 1
#define HAVE_MEMORY_H 1
#define HAVE_MMAP 1
#define HAVE_MUNMAP 1
#define HAVE_NL_TYPES_H 1
#define HAVE_PUTENV 1
#define HAVE_SETENV 1
#define HAVE_SETLOCALE 1
#define HAVE_SIGACTION 1
#define HAVE_STDINT_H 1
#define HAVE_STDINT_H 1
#define HAVE_STDLIB_H 1
#define HAVE_STDLIB_H 1
#define HAVE_STDLIB_H 1
#define HAVE_STPCPY 1
#define HAVE_STPCPY 1
#define HAVE_STRCASECMP 1
#define HAVE_STRCHR 1
#define HAVE_STRINGS_H 1
#define HAVE_STRINGS_H 1
#define HAVE_STRING_H 1
#define HAVE_STRING_H 1
#define HAVE_STRING_H 1
#define HAVE_SYS_PARAM_H 1
#define HAVE_SYS_RESOURCE_H 1
#define HAVE_SYS_STAT_H 1
#define HAVE_SYS_STAT_H 1
#define HAVE_SYS_TIME_H 1
#define HAVE_SYS_TYPES_H 1
#define HAVE_TIME 1
#define HAVE_TIME_H 1
#define HAVE_UNISTD_H 1
#define HAVE_UNISTD_H 1
#define HAVE_UNISTD_H 1
#define HAVE_UNISTD_H 1
#define HAVE_UNISTD_H 1
#define PACKAGE_BUGREPORT ""
#define PACKAGE_NAME ""
#define PACKAGE_STRING ""
#define PACKAGE_TARNAME ""
#define PACKAGE_VERSION ""
#define RETSIGTYPE void
#define STDC_HEADERS 1

configure: exit 0
