This file contains any messages produced by compilers while
running configure, to aid debugging if configure makes a mistake.

It was created by configure, which was
generated by GNU Autoconf 2.59.  Invocation command line was

  $ /Users/rafael/mc404/gdb-6.4/bfd/configure --cache-file=./config.cache --build=i686-apple-darwin11.2.0 --host=i686-apple-darwin11.2.0 --target=armv5e-elf --prefix=/Users/rafael/mc404/install --program-transform-name=s,^,armv5e-elf-,;  --srcdir=../../../gdb-6.4/bfd

## --------- ##
## Platform. ##
## --------- ##

hostname = routerroaches
uname -m = x86_64
uname -r = 11.2.0
uname -s = Darwin
uname -v = Darwin Kernel Version 11.2.0: Tue Aug  9 20:54:00 PDT 2011; root:xnu-1699.24.8~1/RELEASE_X86_64

/usr/bin/uname -p = i386
/bin/uname -X     = unknown

/bin/arch              = unknown
/usr/bin/arch -k       = unknown
/usr/convex/getsysinfo = unknown
hostinfo               = Mach kernel version:
	 Darwin Kernel Version 11.2.0: Tue Aug  9 20:54:00 PDT 2011; root:xnu-1699.24.8~1/RELEASE_X86_64
Kernel configured for up to 4 processors.
2 processors are physically available.
4 processors are logically available.
Processor type: i486 (Intel 80486)
Processors active: 0 1 2 3
Primary memory available: 8.00 gigabytes
Default processor set: 100 tasks, 449 threads, 4 processors
Load average: 4.28, Mach factor: 0.94
/bin/machine           = unknown
/usr/bin/oslevel       = unknown
/bin/universe          = unknown

PATH: /opt/local/bin
PATH: /opt/local/sbin
PATH: /usr/bin
PATH: /bin
PATH: /usr/sbin
PATH: /sbin
PATH: /usr/local/bin
PATH: /usr/X11/bin
PATH: /usr/texbin
PATH: /Users/rafael/mc404/install/bin


## ----------- ##
## Core tests. ##
## ----------- ##

configure:1245: creating cache ./config.cache
configure:1358: checking build system type
configure:1376: result: i686-apple-darwin11.2.0
configure:1384: checking host system type
configure:1398: result: i686-apple-darwin11.2.0
configure:1406: checking target system type
configure:1420: result: armv5e-unknown-elf
configure:1442: checking for i686-apple-darwin11.2.0-gcc
configure:1468: result: gcc
configure:1750: checking for C compiler version
configure:1753: gcc --version </dev/null >&5
i686-apple-darwin11-llvm-gcc-4.2 (GCC) 4.2.1 (Based on Apple Inc. build 5658) (LLVM build 2336.1.00)
Copyright (C) 2007 Free Software Foundation, Inc.
This is free software; see the source for copying conditions.  There is NO
warranty; not even for MERCHANTABILITY or FITNESS FOR A PARTICULAR PURPOSE.

configure:1756: $? = 0
configure:1758: gcc -v </dev/null >&5
Using built-in specs.
Target: i686-apple-darwin11
Configured with: /private/var/tmp/llvmgcc42/llvmgcc42-2336.1~22/src/configure --disable-checking --enable-werror --prefix=/Developer/usr/llvm-gcc-4.2 --mandir=/share/man --enable-languages=c,objc,c++,obj-c++ --program-prefix=llvm- --program-transform-name=/^[cg][^.-]*$/s/$/-4.2/ --with-slibdir=/usr/lib --build=i686-apple-darwin11 --enable-llvm=/private/var/tmp/llvmgcc42/llvmgcc42-2336.1~22/dst-llvmCore/Developer/usr/local --program-prefix=i686-apple-darwin11- --host=x86_64-apple-darwin11 --target=i686-apple-darwin11 --with-gxx-include-dir=/usr/include/c++/4.2.1
Thread model: posix
gcc version 4.2.1 (Based on Apple Inc. build 5658) (LLVM build 2336.1.00)
configure:1761: $? = 0
configure:1763: gcc -V </dev/null >&5
llvm-gcc-4.2: argument to `-V' is missing
configure:1766: $? = 1
configure:1789: checking for C compiler default output file name
configure:1792: gcc -g -O2    conftest.c  >&5
configure:1795: $? = 0
configure:1841: result: a.out
configure:1846: checking whether the C compiler works
configure:1852: ./a.out
configure:1855: $? = 0
configure:1872: result: yes
configure:1879: checking whether we are cross compiling
configure:1881: result: no
configure:1884: checking for suffix of executables
configure:1886: gcc -o conftest -g -O2    conftest.c  >&5
configure:1889: $? = 0
configure:1914: result: 
configure:1920: checking for suffix of object files
configure:1941: gcc -c -g -O2   conftest.c >&5
configure:1944: $? = 0
configure:1966: result: o
configure:1970: checking whether we are using the GNU C compiler
configure:1994: gcc -c -g -O2   conftest.c >&5
configure:2000: $? = 0
configure:2003: test -z 			 || test ! -s conftest.err
configure:2006: $? = 0
configure:2009: test -s conftest.o
configure:2012: $? = 0
configure:2025: result: yes
configure:2031: checking whether gcc accepts -g
configure:2052: gcc -c -g  conftest.c >&5
configure:2058: $? = 0
configure:2061: test -z 			 || test ! -s conftest.err
configure:2064: $? = 0
configure:2067: test -s conftest.o
configure:2070: $? = 0
configure:2081: result: yes
configure:2098: checking for gcc option to accept ANSI C
configure:2168: gcc  -c -g -O2   conftest.c >&5
configure:2174: $? = 0
configure:2177: test -z 			 || test ! -s conftest.err
configure:2180: $? = 0
configure:2183: test -s conftest.o
configure:2186: $? = 0
configure:2204: result: none needed
configure:2222: gcc -c -g -O2   conftest.c >&5
conftest.c:2: error: expected '=', ',', ';', 'asm' or '__attribute__' before 'me'
configure:2228: $? = 1
configure: failed program was:
| #ifndef __cplusplus
|   choke me
| #endif
configure:2359: checking for library containing strerror
configure:2389: gcc -o conftest -g -O2    conftest.c  >&5
configure:2395: $? = 0
configure:2398: test -z 			 || test ! -s conftest.err
configure:2401: $? = 0
configure:2404: test -s conftest
configure:2407: $? = 0
configure:2476: result: none required
configure:2498: checking for a BSD-compatible install
configure:2553: result: /opt/local/bin/ginstall -c
configure:2564: checking whether build environment is sane
configure:2607: result: yes
configure:2672: checking for gawk
configure:2688: found /opt/local/bin/gawk
configure:2698: result: gawk
configure:2708: checking whether make sets $(MAKE)
configure:2728: result: yes
configure:2758: checking for style of include used by make
configure:2786: result: GNU
configure:2962: checking dependency style of gcc
configure:3052: result: none
configure:3074: checking for i686-apple-darwin11.2.0-ar
configure:3100: result: ar
configure:3153: checking for i686-apple-darwin11.2.0-ranlib
configure:3179: result: ranlib
configure:3309: checking for ld used by GCC
configure:3372: result: /usr/llvm-gcc-4.2/bin/../libexec/gcc/i686-apple-darwin11/4.2.1/ld
configure:3381: checking if the linker (/usr/llvm-gcc-4.2/bin/../libexec/gcc/i686-apple-darwin11/4.2.1/ld) is GNU ld
configure:3393: result: no
configure:3398: checking for /usr/llvm-gcc-4.2/bin/../libexec/gcc/i686-apple-darwin11/4.2.1/ld option to reload object files
configure:3405: result: -r
configure:3410: checking for BSD-compatible nm
configure:3446: result: nm
configure:3449: checking whether ln -s works
configure:3453: result: yes
configure:3460: checking how to recognise dependant libraries
configure:3628: result: file_magic Mach-O dynamically linked shared library
configure:3780: checking for i686-apple-darwin11.2.0-ranlib
configure:3806: result: ranlib
configure:3860: checking for i686-apple-darwin11.2.0-strip
configure:3889: result: no
configure:3898: checking for strip
configure:3914: found /usr/bin/strip
configure:3925: result: strip
configure:4181: loading cache ./config.cache
ce PIC
ltconfig:687:checking that gcc PIC flag  -DPIC works.
ltconfig:697: gcc -c -g -O2   -DPIC -DPIC  conftest.c 1>&5
ltconfig:749: checking if gcc static flag -static works
ltconfig:758: gcc -o conftest -g -O2    -static conftest.c  1>&5
ld: library not found for -lcrt0.o
collect2: ld returned 1 exit status
ltconfig:780: finding the maximum length of command line arguments
ltconfig:@lineno@: result: 98305
ltconfig:833: checking if gcc supports -c -o file.o
ltconfig:834: gcc -c -g -O2  -o out/conftest2.o  conftest.c 1>&5
ltconfig:887: checking if gcc supports -fno-rtti -fno-exceptions
ltconfig:888: gcc -c -g -O2  -fno-rtti -fno-exceptions -c conftest.c  conftest.c 1>&5
ltconfig:1431: checking if global_symbol_pipe works
ltconfig:1432: gcc -c -g -O2   conftest.c 1>&5
ltconfig:1435: eval "nm conftest.o | sed -n -e 's/^.*[ 	]\([BCDEGRST][BCDEGRST]*\)[ 	][ 	]*\(\)\([_A-Za-z][_A-Za-z0-9]*\)$/\1 \2\3 \3/p' > conftest.nm"
cannot find nm_test_var in conftest.nm
ltconfig:1431: checking if global_symbol_pipe works
ltconfig:1432: gcc -c -g -O2   conftest.c 1>&5
ltconfig:1435: eval "nm conftest.o | sed -n -e 's/^.*[ 	]\([BCDEGRST][BCDEGRST]*\)[ 	][ 	]*\(_\)\([_A-Za-z][_A-Za-z0-9]*\)$/\1 \2\3 \3/p' > conftest.nm"
ltconfig:1487: gcc -o conftest -g -O2  -fno-builtin   conftest.c conftstm.o 1>&5
configure:4336: checking whether to enable maintainer-specific portions of Makefiles
configure:4345: result: no
configure:4375: checking whether to install libbfd
configure:4388: result: no
configure:4432: checking for i686-apple-darwin11.2.0-gcc
configure:4458: result: gcc
configure:4740: checking for C compiler version
configure:4743: gcc --version </dev/null >&5
i686-apple-darwin11-llvm-gcc-4.2 (GCC) 4.2.1 (Based on Apple Inc. build 5658) (LLVM build 2336.1.00)
Copyright (C) 2007 Free Software Foundation, Inc.
This is free software; see the source for copying conditions.  There is NO
warranty; not even for MERCHANTABILITY or FITNESS FOR A PARTICULAR PURPOSE.

configure:4746: $? = 0
configure:4748: gcc -v </dev/null >&5
Using built-in specs.
Target: i686-apple-darwin11
Configured with: /private/var/tmp/llvmgcc42/llvmgcc42-2336.1~22/src/configure --disable-checking --enable-werror --prefix=/Developer/usr/llvm-gcc-4.2 --mandir=/share/man --enable-languages=c,objc,c++,obj-c++ --program-prefix=llvm- --program-transform-name=/^[cg][^.-]*$/s/$/-4.2/ --with-slibdir=/usr/lib --build=i686-apple-darwin11 --enable-llvm=/private/var/tmp/llvmgcc42/llvmgcc42-2336.1~22/dst-llvmCore/Developer/usr/local --program-prefix=i686-apple-darwin11- --host=x86_64-apple-darwin11 --target=i686-apple-darwin11 --with-gxx-include-dir=/usr/include/c++/4.2.1
Thread model: posix
gcc version 4.2.1 (Based on Apple Inc. build 5658) (LLVM build 2336.1.00)
configure:4751: $? = 0
configure:4753: gcc -V </dev/null >&5
llvm-gcc-4.2: argument to `-V' is missing
configure:4756: $? = 1
configure:4759: checking whether we are using the GNU C compiler
configure:4814: result: yes
configure:4820: checking whether gcc accepts -g
configure:4870: result: yes
configure:4887: checking for gcc option to accept ANSI C
configure:4993: result: none needed
configure:5011: gcc -c -g -O2   conftest.c >&5
conftest.c:2: error: expected '=', ',', ';', 'asm' or '__attribute__' before 'me'
configure:5017: $? = 1
configure: failed program was:
| #ifndef __cplusplus
|   choke me
| #endif
configure:5158: checking for i686-apple-darwin11.2.0-ranlib
configure:5184: result: ranlib
configure:5240: checking how to run the C preprocessor
configure:5275: gcc -E  conftest.c
configure:5281: $? = 0
configure:5313: gcc -E  conftest.c
conftest.c:12:28: error: ac_nonexistent.h: No such file or directory
configure:5319: $? = 1
configure: failed program was:
| /* confdefs.h.  */
| 
| #define PACKAGE_NAME ""
| #define PACKAGE_TARNAME ""
| #define PACKAGE_VERSION ""
| #define PACKAGE_STRING ""
| #define PACKAGE_BUGREPORT ""
| #define PACKAGE "bfd"
| #define VERSION "2.16.91"
| #define _GNU_SOURCE 1
| /* end confdefs.h.  */
| #include <ac_nonexistent.h>
configure:5358: result: gcc -E
configure:5382: gcc -E  conftest.c
configure:5388: $? = 0
configure:5420: gcc -E  conftest.c
conftest.c:12:28: error: ac_nonexistent.h: No such file or directory
configure:5426: $? = 1
configure: failed program was:
| /* confdefs.h.  */
| 
| #define PACKAGE_NAME ""
| #define PACKAGE_TARNAME ""
| #define PACKAGE_VERSION ""
| #define PACKAGE_STRING ""
| #define PACKAGE_BUGREPORT ""
| #define PACKAGE "bfd"
| #define VERSION "2.16.91"
| #define _GNU_SOURCE 1
| /* end confdefs.h.  */
| #include <ac_nonexistent.h>
configure:5470: checking for egrep
configure:5480: result: grep -E
configure:5485: checking for ANSI C header files
configure:5510: gcc -c -g -O2   conftest.c >&5
configure:5516: $? = 0
configure:5519: test -z 			 || test ! -s conftest.err
configure:5522: $? = 0
configure:5525: test -s conftest.o
configure:5528: $? = 0
configure:5617: gcc -o conftest -g -O2    conftest.c  >&5
conftest.c: In function 'main':
conftest.c:29: warning: incompatible implicit declaration of built-in function 'exit'
configure:5620: $? = 0
configure:5622: ./conftest
configure:5625: $? = 0
configure:5640: result: yes
configure:5650: checking for an ANSI C-conforming const
configure:5717: gcc -c -g -O2   conftest.c >&5
configure:5723: $? = 0
configure:5726: test -z 			 || test ! -s conftest.err
configure:5729: $? = 0
configure:5732: test -s conftest.o
configure:5735: $? = 0
configure:5746: result: yes
configure:5756: checking for inline
configure:5777: gcc -c -g -O2   conftest.c >&5
configure:5783: $? = 0
configure:5786: test -z 			 || test ! -s conftest.err
configure:5789: $? = 0
configure:5792: test -s conftest.o
configure:5795: $? = 0
configure:5807: result: inline
configure:5840: checking for sys/types.h
configure:5856: gcc -c -g -O2   conftest.c >&5
configure:5862: $? = 0
configure:5865: test -z 			 || test ! -s conftest.err
configure:5868: $? = 0
configure:5871: test -s conftest.o
configure:5874: $? = 0
configure:5885: result: yes
configure:5840: checking for sys/stat.h
configure:5856: gcc -c -g -O2   conftest.c >&5
configure:5862: $? = 0
configure:5865: test -z 			 || test ! -s conftest.err
configure:5868: $? = 0
configure:5871: test -s conftest.o
configure:5874: $? = 0
configure:5885: result: yes
configure:5840: checking for stdlib.h
configure:5856: gcc -c -g -O2   conftest.c >&5
configure:5862: $? = 0
configure:5865: test -z 			 || test ! -s conftest.err
configure:5868: $? = 0
configure:5871: test -s conftest.o
configure:5874: $? = 0
configure:5885: result: yes
configure:5840: checking for string.h
configure:5856: gcc -c -g -O2   conftest.c >&5
configure:5862: $? = 0
configure:5865: test -z 			 || test ! -s conftest.err
configure:5868: $? = 0
configure:5871: test -s conftest.o
configure:5874: $? = 0
configure:5885: result: yes
configure:5840: checking for memory.h
configure:5856: gcc -c -g -O2   conftest.c >&5
configure:5862: $? = 0
configure:5865: test -z 			 || test ! -s conftest.err
configure:5868: $? = 0
configure:5871: test -s conftest.o
configure:5874: $? = 0
configure:5885: result: yes
configure:5840: checking for strings.h
configure:5856: gcc -c -g -O2   conftest.c >&5
configure:5862: $? = 0
configure:5865: test -z 			 || test ! -s conftest.err
configure:5868: $? = 0
configure:5871: test -s conftest.o
configure:5874: $? = 0
configure:5885: result: yes
configure:5840: checking for inttypes.h
configure:5856: gcc -c -g -O2   conftest.c >&5
configure:5862: $? = 0
configure:5865: test -z 			 || test ! -s conftest.err
configure:5868: $? = 0
configure:5871: test -s conftest.o
configure:5874: $? = 0
configure:5885: result: yes
configure:5840: checking for stdint.h
configure:5856: gcc -c -g -O2   conftest.c >&5
configure:5862: $? = 0
configure:5865: test -z 			 || test ! -s conftest.err
configure:5868: $? = 0
configure:5871: test -s conftest.o
configure:5874: $? = 0
configure:5885: result: yes
configure:5840: checking for unistd.h
configure:5856: gcc -c -g -O2   conftest.c >&5
configure:5862: $? = 0
configure:5865: test -z 			 || test ! -s conftest.err
configure:5868: $? = 0
configure:5871: test -s conftest.o
configure:5874: $? = 0
configure:5885: result: yes
configure:5897: checking for off_t
configure:5921: gcc -c -g -O2   conftest.c >&5
configure:5927: $? = 0
configure:5930: test -z 			 || test ! -s conftest.err
configure:5933: $? = 0
configure:5936: test -s conftest.o
configure:5939: $? = 0
configure:5950: result: yes
configure:5962: checking for size_t
configure:5986: gcc -c -g -O2   conftest.c >&5
configure:5992: $? = 0
configure:5995: test -z 			 || test ! -s conftest.err
configure:5998: $? = 0
configure:6001: test -s conftest.o
configure:6004: $? = 0
configure:6015: result: yes
configure:6029: checking for working alloca.h
configure:6050: gcc -o conftest -g -O2    conftest.c  >&5
configure:6056: $? = 0
configure:6059: test -z 			 || test ! -s conftest.err
configure:6062: $? = 0
configure:6065: test -s conftest
configure:6068: $? = 0
configure:6080: result: yes
configure:6090: checking for alloca
configure:6131: gcc -o conftest -g -O2    conftest.c  >&5
configure:6137: $? = 0
configure:6140: test -z 			 || test ! -s conftest.err
configure:6143: $? = 0
configure:6146: test -s conftest
configure:6149: $? = 0
configure:6161: result: yes
configure:6389: checking for stdlib.h
configure:6394: result: yes
configure:6389: checking for unistd.h
configure:6394: result: yes
configure:6537: checking for getpagesize
configure:6594: gcc -o conftest -g -O2    conftest.c  >&5
configure:6600: $? = 0
configure:6603: test -z 			 || test ! -s conftest.err
configure:6606: $? = 0
configure:6609: test -s conftest
configure:6612: $? = 0
configure:6624: result: yes
configure:6634: checking for working mmap
configure:6776: gcc -o conftest -g -O2    conftest.c  >&5
configure:6779: $? = 0
configure:6781: ./conftest
configure:6784: $? = 0
configure:6798: result: yes
configure:6833: checking argz.h usability
configure:6845: gcc -c -g -O2   conftest.c >&5
conftest.c:62:18: error: argz.h: No such file or directory
configure:6851: $? = 1
configure: failed program was:
| /* confdefs.h.  */
| 
| #define PACKAGE_NAME ""
| #define PACKAGE_TARNAME ""
| #define PACKAGE_VERSION ""
| #define PACKAGE_STRING ""
| #define PACKAGE_BUGREPORT ""
| #define PACKAGE "bfd"
| #define VERSION "2.16.91"
| #define _GNU_SOURCE 1
| #define STDC_HEADERS 1
| #define HAVE_SYS_TYPES_H 1
| #define HAVE_SYS_STAT_H 1
| #define HAVE_STDLIB_H 1
| #define HAVE_STRING_H 1
| #define HAVE_MEMORY_H 1
| #define HAVE_STRINGS_H 1
| #define HAVE_INTTYPES_H 1
| #define HAVE_STDINT_H 1
| #define HAVE_UNISTD_H 1
| #define HAVE_ALLOCA_H 1
| #define HAVE_ALLOCA 1
| #define HAVE_STDLIB_H 1
| #define HAVE_UNISTD_H 1
| #define HAVE_GETPAGESIZE 1
| #define HAVE_MMAP 1
| /* end confdefs.h.  */
| #include <stdio.h>
| #if HAVE_SYS_TYPES_H
| # include <sys/types.h>
| #endif
| #if HAVE_SYS_STAT_H
| # include <sys/stat.h>
| #endif
| #if STDC_HEADERS
| # include <stdlib.h>
| # include <stddef.h>
| #else
| # if HAVE_STDLIB_H
| #  include <stdlib.h>
| # endif
| #endif
| #if HAVE_STRING_H
| # if !STDC_HEADERS && HAVE_MEMORY_H
| #  include <memory.h>
| # endif
| # include <string.h>
| #endif
| #if HAVE_STRINGS_H
| # include <strings.h>
| #endif
| #if HAVE_INTTYPES_H
| # include <inttypes.h>
| #else
| # if HAVE_STDINT_H
| #  include <stdint.h>
| # endif
| #endif
| #if HAVE_UNISTD_H
| # include <unistd.h>
| #endif
| #include <argz.h>
configure:6873: result: no
configure:6877: checking argz.h presence
configure:6887: gcc -E  conftest.c
conftest.c:28:18: error: argz.h: No such file or directory
configure:6893: $? = 1
configure: failed program was:
| /* confdefs.h.  */
| 
| #define PACKAGE_NAME ""
| #define PACKAGE_TARNAME ""
| #define PACKAGE_VERSION ""
| #define PACKAGE_STRING ""
| #define PACKAGE_BUGREPORT ""
| #define PACKAGE "bfd"
| #define VERSION "2.16.91"
| #define _GNU_SOURCE 1
| #define STDC_HEADERS 1
| #define HAVE_SYS_TYPES_H 1
| #define HAVE_SYS_STAT_H 1
| #define HAVE_STDLIB_H 1
| #define HAVE_STRING_H 1
| #define HAVE_MEMORY_H 1
| #define HAVE_STRINGS_H 1
| #define HAVE_INTTYPES_H 1
| #define HAVE_STDINT_H 1
| #define HAVE_UNISTD_H 1
| #define HAVE_ALLOCA_H 1
| #define HAVE_ALLOCA 1
| #define HAVE_STDLIB_H 1
| #define HAVE_UNISTD_H 1
| #define HAVE_GETPAGESIZE 1
| #define HAVE_MMAP 1
| /* end confdefs.h.  */
| #include <argz.h>
configure:6913: result: no
configure:6948: checking for argz.h
configure:6955: result: no
configure:6833: checking limits.h usability
configure:6845: gcc -c -g -O2   conftest.c >&5
configure:6851: $? = 0
configure:6854: test -z 			 || test ! -s conftest.err
configure:6857: $? = 0
configure:6860: test -s conftest.o
configure:6863: $? = 0
configure:6873: result: yes
configure:6877: checking limits.h presence
configure:6887: gcc -E  conftest.c
configure:6893: $? = 0
configure:6913: result: yes
configure:6948: checking for limits.h
configure:6955: result: yes
configure:6833: checking locale.h usability
configure:6845: gcc -c -g -O2   conftest.c >&5
configure:6851: $? = 0
configure:6854: test -z 			 || test ! -s conftest.err
configure:6857: $? = 0
configure:6860: test -s conftest.o
configure:6863: $? = 0
configure:6873: result: yes
configure:6877: checking locale.h presence
configure:6887: gcc -E  conftest.c
configure:6893: $? = 0
configure:6913: result: yes
configure:6948: checking for locale.h
configure:6955: result: yes
configure:6833: checking nl_types.h usability
configure:6845: gcc -c -g -O2   conftest.c >&5
configure:6851: $? = 0
configure:6854: test -z 			 || test ! -s conftest.err
configure:6857: $? = 0
configure:6860: test -s conftest.o
configure:6863: $? = 0
configure:6873: result: yes
configure:6877: checking nl_types.h presence
configure:6887: gcc -E  conftest.c
configure:6893: $? = 0
configure:6913: result: yes
configure:6948: checking for nl_types.h
configure:6955: result: yes
configure:6833: checking malloc.h usability
configure:6845: gcc -c -g -O2   conftest.c >&5
conftest.c:65:20: error: malloc.h: No such file or directory
configure:6851: $? = 1
configure: failed program was:
| /* confdefs.h.  */
| 
| #define PACKAGE_NAME ""
| #define PACKAGE_TARNAME ""
| #define PACKAGE_VERSION ""
| #define PACKAGE_STRING ""
| #define PACKAGE_BUGREPORT ""
| #define PACKAGE "bfd"
| #define VERSION "2.16.91"
| #define _GNU_SOURCE 1
| #define STDC_HEADERS 1
| #define HAVE_SYS_TYPES_H 1
| #define HAVE_SYS_STAT_H 1
| #define HAVE_STDLIB_H 1
| #define HAVE_STRING_H 1
| #define HAVE_MEMORY_H 1
| #define HAVE_STRINGS_H 1
| #define HAVE_INTTYPES_H 1
| #define HAVE_STDINT_H 1
| #define HAVE_UNISTD_H 1
| #define HAVE_ALLOCA_H 1
| #define HAVE_ALLOCA 1
| #define HAVE_STDLIB_H 1
| #define HAVE_UNISTD_H 1
| #define HAVE_GETPAGESIZE 1
| #define HAVE_MMAP 1
| #define HAVE_LIMITS_H 1
| #define HAVE_LOCALE_H 1
| #define HAVE_NL_TYPES_H 1
| /* end confdefs.h.  */
| #include <stdio.h>
| #if HAVE_SYS_TYPES_H
| # include <sys/types.h>
| #endif
| #if HAVE_SYS_STAT_H
| # include <sys/stat.h>
| #endif
| #if STDC_HEADERS
| # include <stdlib.h>
| # include <stddef.h>
| #else
| # if HAVE_STDLIB_H
| #  include <stdlib.h>
| # endif
| #endif
| #if HAVE_STRING_H
| # if !STDC_HEADERS && HAVE_MEMORY_H
| #  include <memory.h>
| # endif
| # include <string.h>
| #endif
| #if HAVE_STRINGS_H
| # include <strings.h>
| #endif
| #if HAVE_INTTYPES_H
| # include <inttypes.h>
| #else
| # if HAVE_STDINT_H
| #  include <stdint.h>
| # endif
| #endif
| #if HAVE_UNISTD_H
| # include <unistd.h>
| #endif
| #include <malloc.h>
configure:6873: result: no
configure:6877: checking malloc.h presence
configure:6887: gcc -E  conftest.c
conftest.c:31:20: error: malloc.h: No such file or directory
configure:6893: $? = 1
configure: failed program was:
| /* confdefs.h.  */
| 
| #define PACKAGE_NAME ""
| #define PACKAGE_TARNAME ""
| #define PACKAGE_VERSION ""
| #define PACKAGE_STRING ""
| #define PACKAGE_BUGREPORT ""
| #define PACKAGE "bfd"
| #define VERSION "2.16.91"
| #define _GNU_SOURCE 1
| #define STDC_HEADERS 1
| #define HAVE_SYS_TYPES_H 1
| #define HAVE_SYS_STAT_H 1
| #define HAVE_STDLIB_H 1
| #define HAVE_STRING_H 1
| #define HAVE_MEMORY_H 1
| #define HAVE_STRINGS_H 1
| #define HAVE_INTTYPES_H 1
| #define HAVE_STDINT_H 1
| #define HAVE_UNISTD_H 1
| #define HAVE_ALLOCA_H 1
| #define HAVE_ALLOCA 1
| #define HAVE_STDLIB_H 1
| #define HAVE_UNISTD_H 1
| #define HAVE_GETPAGESIZE 1
| #define HAVE_MMAP 1
| #define HAVE_LIMITS_H 1
| #define HAVE_LOCALE_H 1
| #define HAVE_NL_TYPES_H 1
| /* end confdefs.h.  */
| #include <malloc.h>
configure:6913: result: no
configure:6948: checking for malloc.h
configure:6955: result: no
configure:6824: checking for string.h
configure:6829: result: yes
configure:6824: checking for unistd.h
configure:6829: result: yes
configure:6833: checking values.h usability
configure:6845: gcc -c -g -O2   conftest.c >&5
conftest.c:67:20: error: values.h: No such file or directory
configure:6851: $? = 1
configure: failed program was:
| /* confdefs.h.  */
| 
| #define PACKAGE_NAME ""
| #define PACKAGE_TARNAME ""
| #define PACKAGE_VERSION ""
| #define PACKAGE_STRING ""
| #define PACKAGE_BUGREPORT ""
| #define PACKAGE "bfd"
| #define VERSION "2.16.91"
| #define _GNU_SOURCE 1
| #define STDC_HEADERS 1
| #define HAVE_SYS_TYPES_H 1
| #define HAVE_SYS_STAT_H 1
| #define HAVE_STDLIB_H 1
| #define HAVE_STRING_H 1
| #define HAVE_MEMORY_H 1
| #define HAVE_STRINGS_H 1
| #define HAVE_INTTYPES_H 1
| #define HAVE_STDINT_H 1
| #define HAVE_UNISTD_H 1
| #define HAVE_ALLOCA_H 1
| #define HAVE_ALLOCA 1
| #define HAVE_STDLIB_H 1
| #define HAVE_UNISTD_H 1
| #define HAVE_GETPAGESIZE 1
| #define HAVE_MMAP 1
| #define HAVE_LIMITS_H 1
| #define HAVE_LOCALE_H 1
| #define HAVE_NL_TYPES_H 1
| #define HAVE_STRING_H 1
| #define HAVE_UNISTD_H 1
| /* end confdefs.h.  */
| #include <stdio.h>
| #if HAVE_SYS_TYPES_H
| # include <sys/types.h>
| #endif
| #if HAVE_SYS_STAT_H
| # include <sys/stat.h>
| #endif
| #if STDC_HEADERS
| # include <stdlib.h>
| # include <stddef.h>
| #else
| # if HAVE_STDLIB_H
| #  include <stdlib.h>
| # endif
| #endif
| #if HAVE_STRING_H
| # if !STDC_HEADERS && HAVE_MEMORY_H
| #  include <memory.h>
| # endif
| # include <string.h>
| #endif
| #if HAVE_STRINGS_H
| # include <strings.h>
| #endif
| #if HAVE_INTTYPES_H
| # include <inttypes.h>
| #else
| # if HAVE_STDINT_H
| #  include <stdint.h>
| # endif
| #endif
| #if HAVE_UNISTD_H
| # include <unistd.h>
| #endif
| #include <values.h>
configure:6873: result: no
configure:6877: checking values.h presence
configure:6887: gcc -E  conftest.c
conftest.c:33:20: error: values.h: No such file or directory
configure:6893: $? = 1
configure: failed program was:
| /* confdefs.h.  */
| 
| #define PACKAGE_NAME ""
| #define PACKAGE_TARNAME ""
| #define PACKAGE_VERSION ""
| #define PACKAGE_STRING ""
| #define PACKAGE_BUGREPORT ""
| #define PACKAGE "bfd"
| #define VERSION "2.16.91"
| #define _GNU_SOURCE 1
| #define STDC_HEADERS 1
| #define HAVE_SYS_TYPES_H 1
| #define HAVE_SYS_STAT_H 1
| #define HAVE_STDLIB_H 1
| #define HAVE_STRING_H 1
| #define HAVE_MEMORY_H 1
| #define HAVE_STRINGS_H 1
| #define HAVE_INTTYPES_H 1
| #define HAVE_STDINT_H 1
| #define HAVE_UNISTD_H 1
| #define HAVE_ALLOCA_H 1
| #define HAVE_ALLOCA 1
| #define HAVE_STDLIB_H 1
| #define HAVE_UNISTD_H 1
| #define HAVE_GETPAGESIZE 1
| #define HAVE_MMAP 1
| #define HAVE_LIMITS_H 1
| #define HAVE_LOCALE_H 1
| #define HAVE_NL_TYPES_H 1
| #define HAVE_STRING_H 1
| #define HAVE_UNISTD_H 1
| /* end confdefs.h.  */
| #include <values.h>
configure:6913: result: no
configure:6948: checking for values.h
configure:6955: result: no
configure:6833: checking sys/param.h usability
configure:6845: gcc -c -g -O2   conftest.c >&5
configure:6851: $? = 0
configure:6854: test -z 			 || test ! -s conftest.err
configure:6857: $? = 0
configure:6860: test -s conftest.o
configure:6863: $? = 0
configure:6873: result: yes
configure:6877: checking sys/param.h presence
configure:6887: gcc -E  conftest.c
configure:6893: $? = 0
configure:6913: result: yes
configure:6948: checking for sys/param.h
configure:6955: result: yes
configure:6982: checking for getcwd
configure:7039: gcc -o conftest -g -O2    conftest.c  >&5
configure:7045: $? = 0
configure:7048: test -z 			 || test ! -s conftest.err
configure:7051: $? = 0
configure:7054: test -s conftest
configure:7057: $? = 0
configure:7069: result: yes
configure:6982: checking for munmap
configure:7039: gcc -o conftest -g -O2    conftest.c  >&5
configure:7045: $? = 0
configure:7048: test -z 			 || test ! -s conftest.err
configure:7051: $? = 0
configure:7054: test -s conftest
configure:7057: $? = 0
configure:7069: result: yes
configure:6982: checking for putenv
configure:7039: gcc -o conftest -g -O2    conftest.c  >&5
configure:7045: $? = 0
configure:7048: test -z 			 || test ! -s conftest.err
configure:7051: $? = 0
configure:7054: test -s conftest
configure:7057: $? = 0
configure:7069: result: yes
configure:6982: checking for setenv
configure:7039: gcc -o conftest -g -O2    conftest.c  >&5
configure:7045: $? = 0
configure:7048: test -z 			 || test ! -s conftest.err
configure:7051: $? = 0
configure:7054: test -s conftest
configure:7057: $? = 0
configure:7069: result: yes
configure:6982: checking for setlocale
configure:7039: gcc -o conftest -g -O2    conftest.c  >&5
configure:7045: $? = 0
configure:7048: test -z 			 || test ! -s conftest.err
configure:7051: $? = 0
configure:7054: test -s conftest
configure:7057: $? = 0
configure:7069: result: yes
configure:6982: checking for strchr
configure:7039: gcc -o conftest -g -O2    conftest.c  >&5
conftest.c:63: warning: conflicting types for built-in function 'strchr'
configure:7045: $? = 0
configure:7048: test -z 			 || test ! -s conftest.err
configure:7051: $? = 0
configure:7054: test -s conftest
configure:7057: $? = 0
configure:7069: result: yes
configure:6982: checking for strcasecmp
configure:7039: gcc -o conftest -g -O2    conftest.c  >&5
conftest.c:64: warning: conflicting types for built-in function 'strcasecmp'
configure:7045: $? = 0
configure:7048: test -z 			 || test ! -s conftest.err
configure:7051: $? = 0
configure:7054: test -s conftest
configure:7057: $? = 0
configure:7069: result: yes
configure:6982: checking for __argz_count
configure:7039: gcc -o conftest -g -O2    conftest.c  >&5
Undefined symbols for architecture x86_64:
  "___argz_count", referenced from:
      _main in ccL2Do0f.o
      _f in ccL2Do0f.o
ld: symbol(s) not found for architecture x86_64
collect2: ld returned 1 exit status
configure:7045: $? = 1
configure: failed program was:
| /* confdefs.h.  */
| 
| #define PACKAGE_NAME ""
| #define PACKAGE_TARNAME ""
| #define PACKAGE_VERSION ""
| #define PACKAGE_STRING ""
| #define PACKAGE_BUGREPORT ""
| #define PACKAGE "bfd"
| #define VERSION "2.16.91"
| #define _GNU_SOURCE 1
| #define STDC_HEADERS 1
| #define HAVE_SYS_TYPES_H 1
| #define HAVE_SYS_STAT_H 1
| #define HAVE_STDLIB_H 1
| #define HAVE_STRING_H 1
| #define HAVE_MEMORY_H 1
| #define HAVE_STRINGS_H 1
| #define HAVE_INTTYPES_H 1
| #define HAVE_STDINT_H 1
| #define HAVE_UNISTD_H 1
| #define HAVE_ALLOCA_H 1
| #define HAVE_ALLOCA 1
| #define HAVE_STDLIB_H 1
| #define HAVE_UNISTD_H 1
| #define HAVE_GETPAGESIZE 1
| #define HAVE_MMAP 1
| #define HAVE_LIMITS_H 1
| #define HAVE_LOCALE_H 1
| #define HAVE_NL_TYPES_H 1
| #define HAVE_STRING_H 1
| #define HAVE_UNISTD_H 1
| #define HAVE_SYS_PARAM_H 1
| #define HAVE_GETCWD 1
| #define HAVE_MUNMAP 1
| #define HAVE_PUTENV 1
| #define HAVE_SETENV 1
| #define HAVE_SETLOCALE 1
| #define HAVE_STRCHR 1
| #define HAVE_STRCASECMP 1
| /* end confdefs.h.  */
| /* Define __argz_count to an innocuous variant, in case <limits.h> declares __argz_count.
|    For example, HP-UX 11i <limits.h> declares gettimeofday.  */
| #define __argz_count innocuous___argz_count
| 
| /* System header to define __stub macros and hopefully few prototypes,
|     which can conflict with char __argz_count (); below.
|     Prefer <limits.h> to <assert.h> if __STDC__ is defined, since
|     <limits.h> exists even on freestanding compilers.  */
| 
| #ifdef __STDC__
| # include <limits.h>
| #else
| # include <assert.h>
| #endif
| 
| #undef __argz_count
| 
| /* Override any gcc2 internal prototype to avoid an error.  */
| #ifdef __cplusplus
| extern "C"
| {
| #endif
| /* We use char because int might match the return type of a gcc2
|    builtin and then its argument prototype would still apply.  */
| char __argz_count ();
| /* The GNU C library defines this for functions which it implements
|     to always fail with ENOSYS.  Some functions are actually named
|     something starting with __ and the normal name is an alias.  */
| #if defined (__stub___argz_count) || defined (__stub_____argz_count)
| choke me
| #else
| char (*f) () = __argz_count;
| #endif
| #ifdef __cplusplus
| }
| #endif
| 
| int
| main ()
| {
| return f != __argz_count;
|   ;
|   return 0;
| }
configure:7069: result: no
configure:6982: checking for __argz_stringify
configure:7039: gcc -o conftest -g -O2    conftest.c  >&5
Undefined symbols for architecture x86_64:
  "___argz_stringify", referenced from:
      _main in cchkiwhE.o
      _f in cchkiwhE.o
ld: symbol(s) not found for architecture x86_64
collect2: ld returned 1 exit status
configure:7045: $? = 1
configure: failed program was:
| /* confdefs.h.  */
| 
| #define PACKAGE_NAME ""
| #define PACKAGE_TARNAME ""
| #define PACKAGE_VERSION ""
| #define PACKAGE_STRING ""
| #define PACKAGE_BUGREPORT ""
| #define PACKAGE "bfd"
| #define VERSION "2.16.91"
| #define _GNU_SOURCE 1
| #define STDC_HEADERS 1
| #define HAVE_SYS_TYPES_H 1
| #define HAVE_SYS_STAT_H 1
| #define HAVE_STDLIB_H 1
| #define HAVE_STRING_H 1
| #define HAVE_MEMORY_H 1
| #define HAVE_STRINGS_H 1
| #define HAVE_INTTYPES_H 1
| #define HAVE_STDINT_H 1
| #define HAVE_UNISTD_H 1
| #define HAVE_ALLOCA_H 1
| #define HAVE_ALLOCA 1
| #define HAVE_STDLIB_H 1
| #define HAVE_UNISTD_H 1
| #define HAVE_GETPAGESIZE 1
| #define HAVE_MMAP 1
| #define HAVE_LIMITS_H 1
| #define HAVE_LOCALE_H 1
| #define HAVE_NL_TYPES_H 1
| #define HAVE_STRING_H 1
| #define HAVE_UNISTD_H 1
| #define HAVE_SYS_PARAM_H 1
| #define HAVE_GETCWD 1
| #define HAVE_MUNMAP 1
| #define HAVE_PUTENV 1
| #define HAVE_SETENV 1
| #define HAVE_SETLOCALE 1
| #define HAVE_STRCHR 1
| #define HAVE_STRCASECMP 1
| /* end confdefs.h.  */
| /* Define __argz_stringify to an innocuous variant, in case <limits.h> declares __argz_stringify.
|    For example, HP-UX 11i <limits.h> declares gettimeofday.  */
| #define __argz_stringify innocuous___argz_stringify
| 
| /* System header to define __stub macros and hopefully few prototypes,
|     which can conflict with char __argz_stringify (); below.
|     Prefer <limits.h> to <assert.h> if __STDC__ is defined, since
|     <limits.h> exists even on freestanding compilers.  */
| 
| #ifdef __STDC__
| # include <limits.h>
| #else
| # include <assert.h>
| #endif
| 
| #undef __argz_stringify
| 
| /* Override any gcc2 internal prototype to avoid an error.  */
| #ifdef __cplusplus
| extern "C"
| {
| #endif
| /* We use char because int might match the return type of a gcc2
|    builtin and then its argument prototype would still apply.  */
| char __argz_stringify ();
| /* The GNU C library defines this for functions which it implements
|     to always fail with ENOSYS.  Some functions are actually named
|     something starting with __ and the normal name is an alias.  */
| #if defined (__stub___argz_stringify) || defined (__stub_____argz_stringify)
| choke me
| #else
| char (*f) () = __argz_stringify;
| #endif
| #ifdef __cplusplus
| }
| #endif
| 
| int
| main ()
| {
| return f != __argz_stringify;
|   ;
|   return 0;
| }
configure:7069: result: no
configure:6982: checking for __argz_next
configure:7039: gcc -o conftest -g -O2    conftest.c  >&5
Undefined symbols for architecture x86_64:
  "___argz_next", referenced from:
      _main in ccidR1nm.o
      _f in ccidR1nm.o
ld: symbol(s) not found for architecture x86_64
collect2: ld returned 1 exit status
configure:7045: $? = 1
configure: failed program was:
| /* confdefs.h.  */
| 
| #define PACKAGE_NAME ""
| #define PACKAGE_TARNAME ""
| #define PACKAGE_VERSION ""
| #define PACKAGE_STRING ""
| #define PACKAGE_BUGREPORT ""
| #define PACKAGE "bfd"
| #define VERSION "2.16.91"
| #define _GNU_SOURCE 1
| #define STDC_HEADERS 1
| #define HAVE_SYS_TYPES_H 1
| #define HAVE_SYS_STAT_H 1
| #define HAVE_STDLIB_H 1
| #define HAVE_STRING_H 1
| #define HAVE_MEMORY_H 1
| #define HAVE_STRINGS_H 1
| #define HAVE_INTTYPES_H 1
| #define HAVE_STDINT_H 1
| #define HAVE_UNISTD_H 1
| #define HAVE_ALLOCA_H 1
| #define HAVE_ALLOCA 1
| #define HAVE_STDLIB_H 1
| #define HAVE_UNISTD_H 1
| #define HAVE_GETPAGESIZE 1
| #define HAVE_MMAP 1
| #define HAVE_LIMITS_H 1
| #define HAVE_LOCALE_H 1
| #define HAVE_NL_TYPES_H 1
| #define HAVE_STRING_H 1
| #define HAVE_UNISTD_H 1
| #define HAVE_SYS_PARAM_H 1
| #define HAVE_GETCWD 1
| #define HAVE_MUNMAP 1
| #define HAVE_PUTENV 1
| #define HAVE_SETENV 1
| #define HAVE_SETLOCALE 1
| #define HAVE_STRCHR 1
| #define HAVE_STRCASECMP 1
| /* end confdefs.h.  */
| /* Define __argz_next to an innocuous variant, in case <limits.h> declares __argz_next.
|    For example, HP-UX 11i <limits.h> declares gettimeofday.  */
| #define __argz_next innocuous___argz_next
| 
| /* System header to define __stub macros and hopefully few prototypes,
|     which can conflict with char __argz_next (); below.
|     Prefer <limits.h> to <assert.h> if __STDC__ is defined, since
|     <limits.h> exists even on freestanding compilers.  */
| 
| #ifdef __STDC__
| # include <limits.h>
| #else
| # include <assert.h>
| #endif
| 
| #undef __argz_next
| 
| /* Override any gcc2 internal prototype to avoid an error.  */
| #ifdef __cplusplus
| extern "C"
| {
| #endif
| /* We use char because int might match the return type of a gcc2
|    builtin and then its argument prototype would still apply.  */
| char __argz_next ();
| /* The GNU C library defines this for functions which it implements
|     to always fail with ENOSYS.  Some functions are actually named
|     something starting with __ and the normal name is an alias.  */
| #if defined (__stub___argz_next) || defined (__stub_____argz_next)
| choke me
| #else
| char (*f) () = __argz_next;
| #endif
| #ifdef __cplusplus
| }
| #endif
| 
| int
| main ()
| {
| return f != __argz_next;
|   ;
|   return 0;
| }
configure:7069: result: no
configure:7085: checking for stpcpy
configure:7142: gcc -o conftest -g -O2    conftest.c  >&5
conftest.c:65: warning: conflicting types for built-in function 'stpcpy'
configure:7148: $? = 0
configure:7151: test -z 			 || test ! -s conftest.err
configure:7154: $? = 0
configure:7157: test -s conftest
configure:7160: $? = 0
configure:7172: result: yes
configure:7192: checking for LC_MESSAGES
configure:7213: gcc -o conftest -g -O2    conftest.c  >&5
configure:7219: $? = 0
configure:7222: test -z 			 || test ! -s conftest.err
configure:7225: $? = 0
configure:7228: test -s conftest
configure:7231: $? = 0
configure:7243: result: yes
configure:7253: checking whether NLS is requested
configure:7262: result: yes
configure:7269: checking whether included gettext is requested
configure:7279: result: no
configure:7298: checking libintl.h usability
configure:7310: gcc -c -g -O2   conftest.c >&5
conftest.c:78:21: error: libintl.h: No such file or directory
configure:7316: $? = 1
configure: failed program was:
| /* confdefs.h.  */
| 
| #define PACKAGE_NAME ""
| #define PACKAGE_TARNAME ""
| #define PACKAGE_VERSION ""
| #define PACKAGE_STRING ""
| #define PACKAGE_BUGREPORT ""
| #define PACKAGE "bfd"
| #define VERSION "2.16.91"
| #define _GNU_SOURCE 1
| #define STDC_HEADERS 1
| #define HAVE_SYS_TYPES_H 1
| #define HAVE_SYS_STAT_H 1
| #define HAVE_STDLIB_H 1
| #define HAVE_STRING_H 1
| #define HAVE_MEMORY_H 1
| #define HAVE_STRINGS_H 1
| #define HAVE_INTTYPES_H 1
| #define HAVE_STDINT_H 1
| #define HAVE_UNISTD_H 1
| #define HAVE_ALLOCA_H 1
| #define HAVE_ALLOCA 1
| #define HAVE_STDLIB_H 1
| #define HAVE_UNISTD_H 1
| #define HAVE_GETPAGESIZE 1
| #define HAVE_MMAP 1
| #define HAVE_LIMITS_H 1
| #define HAVE_LOCALE_H 1
| #define HAVE_NL_TYPES_H 1
| #define HAVE_STRING_H 1
| #define HAVE_UNISTD_H 1
| #define HAVE_SYS_PARAM_H 1
| #define HAVE_GETCWD 1
| #define HAVE_MUNMAP 1
| #define HAVE_PUTENV 1
| #define HAVE_SETENV 1
| #define HAVE_SETLOCALE 1
| #define HAVE_STRCHR 1
| #define HAVE_STRCASECMP 1
| #define HAVE_STPCPY 1
| #define HAVE_STPCPY 1
| #define HAVE_LC_MESSAGES 1
| /* end confdefs.h.  */
| #include <stdio.h>
| #if HAVE_SYS_TYPES_H
| # include <sys/types.h>
| #endif
| #if HAVE_SYS_STAT_H
| # include <sys/stat.h>
| #endif
| #if STDC_HEADERS
| # include <stdlib.h>
| # include <stddef.h>
| #else
| # if HAVE_STDLIB_H
| #  include <stdlib.h>
| # endif
| #endif
| #if HAVE_STRING_H
| # if !STDC_HEADERS && HAVE_MEMORY_H
| #  include <memory.h>
| # endif
| # include <string.h>
| #endif
| #if HAVE_STRINGS_H
| # include <strings.h>
| #endif
| #if HAVE_INTTYPES_H
| # include <inttypes.h>
| #else
| # if HAVE_STDINT_H
| #  include <stdint.h>
| # endif
| #endif
| #if HAVE_UNISTD_H
| # include <unistd.h>
| #endif
| #include <libintl.h>
configure:7338: result: no
configure:7342: checking libintl.h presence
configure:7352: gcc -E  conftest.c
conftest.c:44:21: error: libintl.h: No such file or directory
configure:7358: $? = 1
configure: failed program was:
| /* confdefs.h.  */
| 
| #define PACKAGE_NAME ""
| #define PACKAGE_TARNAME ""
| #define PACKAGE_VERSION ""
| #define PACKAGE_STRING ""
| #define PACKAGE_BUGREPORT ""
| #define PACKAGE "bfd"
| #define VERSION "2.16.91"
| #define _GNU_SOURCE 1
| #define STDC_HEADERS 1
| #define HAVE_SYS_TYPES_H 1
| #define HAVE_SYS_STAT_H 1
| #define HAVE_STDLIB_H 1
| #define HAVE_STRING_H 1
| #define HAVE_MEMORY_H 1
| #define HAVE_STRINGS_H 1
| #define HAVE_INTTYPES_H 1
| #define HAVE_STDINT_H 1
| #define HAVE_UNISTD_H 1
| #define HAVE_ALLOCA_H 1
| #define HAVE_ALLOCA 1
| #define HAVE_STDLIB_H 1
| #define HAVE_UNISTD_H 1
| #define HAVE_GETPAGESIZE 1
| #define HAVE_MMAP 1
| #define HAVE_LIMITS_H 1
| #define HAVE_LOCALE_H 1
| #define HAVE_NL_TYPES_H 1
| #define HAVE_STRING_H 1
| #define HAVE_UNISTD_H 1
| #define HAVE_SYS_PARAM_H 1
| #define HAVE_GETCWD 1
| #define HAVE_MUNMAP 1
| #define HAVE_PUTENV 1
| #define HAVE_SETENV 1
| #define HAVE_SETLOCALE 1
| #define HAVE_STRCHR 1
| #define HAVE_STRCASECMP 1
| #define HAVE_STPCPY 1
| #define HAVE_STPCPY 1
| #define HAVE_LC_MESSAGES 1
| /* end confdefs.h.  */
| #include <libintl.h>
configure:7378: result: no
configure:7413: checking for libintl.h
configure:7420: result: no
configure:8015: result: found xgettext programs is not GNU xgettext; ignore it
configure:8293: checking for a BSD-compatible install
configure:8348: result: /opt/local/bin/ginstall -c
configure:8366: checking for long long
configure:8387: gcc -c -g -O2   conftest.c >&5
configure:8393: $? = 0
configure:8396: test -z 			 || test ! -s conftest.err
configure:8399: $? = 0
configure:8402: test -s conftest.o
configure:8405: $? = 0
configure:8417: result: yes
configure:8421: checking for long long
configure:8445: gcc -c -g -O2   conftest.c >&5
configure:8451: $? = 0
configure:8454: test -z 			 || test ! -s conftest.err
configure:8457: $? = 0
configure:8460: test -s conftest.o
configure:8463: $? = 0
configure:8474: result: yes
configure:8477: checking size of long long
configure:8789: gcc -o conftest -g -O2    conftest.c  >&5
configure:8792: $? = 0
configure:8794: ./conftest
configure:8797: $? = 0
configure:8820: result: 8
configure:8829: checking for long
configure:8853: gcc -c -g -O2   conftest.c >&5
configure:8859: $? = 0
configure:8862: test -z 			 || test ! -s conftest.err
configure:8865: $? = 0
configure:8868: test -s conftest.o
configure:8871: $? = 0
configure:8882: result: yes
configure:8885: checking size of long
configure:9197: gcc -o conftest -g -O2    conftest.c  >&5
configure:9200: $? = 0
configure:9202: ./conftest
configure:9205: $? = 0
configure:9228: result: 8
configure:9314: checking stddef.h usability
configure:9326: gcc -c -g -O2   conftest.c >&5
configure:9332: $? = 0
configure:9335: test -z 			 || test ! -s conftest.err
configure:9338: $? = 0
configure:9341: test -s conftest.o
configure:9344: $? = 0
configure:9354: result: yes
configure:9358: checking stddef.h presence
configure:9368: gcc -E  conftest.c
configure:9374: $? = 0
configure:9394: result: yes
configure:9429: checking for stddef.h
configure:9436: result: yes
configure:9305: checking for string.h
configure:9310: result: yes
configure:9305: checking for strings.h
configure:9310: result: yes
configure:9305: checking for stdlib.h
configure:9310: result: yes
configure:9314: checking time.h usability
configure:9326: gcc -c -g -O2   conftest.c >&5
configure:9332: $? = 0
configure:9335: test -z 			 || test ! -s conftest.err
configure:9338: $? = 0
configure:9341: test -s conftest.o
configure:9344: $? = 0
configure:9354: result: yes
configure:9358: checking time.h presence
configure:9368: gcc -E  conftest.c
configure:9374: $? = 0
configure:9394: result: yes
configure:9429: checking for time.h
configure:9436: result: yes
configure:9305: checking for unistd.h
configure:9310: result: yes
configure:9465: checking fcntl.h usability
configure:9477: gcc -c -g -O2   conftest.c >&5
configure:9483: $? = 0
configure:9486: test -z 			 || test ! -s conftest.err
configure:9489: $? = 0
configure:9492: test -s conftest.o
configure:9495: $? = 0
configure:9505: result: yes
configure:9509: checking fcntl.h presence
configure:9519: gcc -E  conftest.c
configure:9525: $? = 0
configure:9545: result: yes
configure:9580: checking for fcntl.h
configure:9587: result: yes
configure:9465: checking sys/file.h usability
configure:9477: gcc -c -g -O2   conftest.c >&5
configure:9483: $? = 0
configure:9486: test -z 			 || test ! -s conftest.err
configure:9489: $? = 0
configure:9492: test -s conftest.o
configure:9495: $? = 0
configure:9505: result: yes
configure:9509: checking sys/file.h presence
configure:9519: gcc -E  conftest.c
configure:9525: $? = 0
configure:9545: result: yes
configure:9580: checking for sys/file.h
configure:9587: result: yes
configure:9465: checking sys/time.h usability
configure:9477: gcc -c -g -O2   conftest.c >&5
configure:9483: $? = 0
configure:9486: test -z 			 || test ! -s conftest.err
configure:9489: $? = 0
configure:9492: test -s conftest.o
configure:9495: $? = 0
configure:9505: result: yes
configure:9509: checking sys/time.h presence
configure:9519: gcc -E  conftest.c
configure:9525: $? = 0
configure:9545: result: yes
configure:9580: checking for sys/time.h
configure:9587: result: yes
configure:9600: checking whether time.h and sys/time.h may both be included
configure:9625: gcc -c -g -O2   conftest.c >&5
configure:9631: $? = 0
configure:9634: test -z 			 || test ! -s conftest.err
configure:9637: $? = 0
configure:9640: test -s conftest.o
configure:9643: $? = 0
configure:9654: result: yes
configure:9672: checking for dirent.h that defines DIR
configure:9696: gcc -c -g -O2   conftest.c >&5
configure:9702: $? = 0
configure:9705: test -z 			 || test ! -s conftest.err
configure:9708: $? = 0
configure:9711: test -s conftest.o
configure:9714: $? = 0
configure:9725: result: yes
configure:9738: checking for library containing opendir
configure:9768: gcc -o conftest -g -O2    conftest.c  >&5
configure:9774: $? = 0
configure:9777: test -z 			 || test ! -s conftest.err
configure:9780: $? = 0
configure:9783: test -s conftest
configure:9786: $? = 0
configure:9855: result: none required
configure:9989: checking whether string.h and strings.h may both be included
configure:10011: gcc -c -g -O2   conftest.c >&5
configure:10017: $? = 0
configure:10020: test -z 			 || test ! -s conftest.err
configure:10023: $? = 0
configure:10026: test -s conftest.o
configure:10029: $? = 0
configure:10040: result: yes
configure:10060: checking for fcntl
configure:10117: gcc -o conftest -g -O2    conftest.c  >&5
configure:10123: $? = 0
configure:10126: test -z 			 || test ! -s conftest.err
configure:10129: $? = 0
configure:10132: test -s conftest
configure:10135: $? = 0
configure:10147: result: yes
configure:10060: checking for getpagesize
configure:10147: result: yes
configure:10060: checking for setitimer
configure:10117: gcc -o conftest -g -O2    conftest.c  >&5
configure:10123: $? = 0
configure:10126: test -z 			 || test ! -s conftest.err
configure:10129: $? = 0
configure:10132: test -s conftest
configure:10135: $? = 0
configure:10147: result: yes
configure:10060: checking for sysconf
configure:10117: gcc -o conftest -g -O2    conftest.c  >&5
configure:10123: $? = 0
configure:10126: test -z 			 || test ! -s conftest.err
configure:10129: $? = 0
configure:10132: test -s conftest
configure:10135: $? = 0
configure:10147: result: yes
configure:10060: checking for fdopen
configure:10117: gcc -o conftest -g -O2    conftest.c  >&5
configure:10123: $? = 0
configure:10126: test -z 			 || test ! -s conftest.err
configure:10129: $? = 0
configure:10132: test -s conftest
configure:10135: $? = 0
configure:10147: result: yes
configure:10060: checking for getuid
configure:10117: gcc -o conftest -g -O2    conftest.c  >&5
configure:10123: $? = 0
configure:10126: test -z 			 || test ! -s conftest.err
configure:10129: $? = 0
configure:10132: test -s conftest
configure:10135: $? = 0
configure:10147: result: yes
configure:10060: checking for getgid
configure:10117: gcc -o conftest -g -O2    conftest.c  >&5
configure:10123: $? = 0
configure:10126: test -z 			 || test ! -s conftest.err
configure:10129: $? = 0
configure:10132: test -s conftest
configure:10135: $? = 0
configure:10147: result: yes
configure:10161: checking for strtoull
configure:10218: gcc -o conftest -g -O2    conftest.c  >&5
configure:10224: $? = 0
configure:10227: test -z 			 || test ! -s conftest.err
configure:10230: $? = 0
configure:10233: test -s conftest
configure:10236: $? = 0
configure:10248: result: yes
configure:10259: checking whether basename is declared
configure:10283: gcc -c -g -O2   conftest.c >&5
conftest.c: In function 'main':
conftest.c:104: error: 'basename' undeclared (first use in this function)
conftest.c:104: error: (Each undeclared identifier is reported only once
conftest.c:104: error: for each function it appears in.)
configure:10289: $? = 1
configure: failed program was:
| /* confdefs.h.  */
| 
| #define PACKAGE_NAME ""
| #define PACKAGE_TARNAME ""
| #define PACKAGE_VERSION ""
| #define PACKAGE_STRING ""
| #define PACKAGE_BUGREPORT ""
| #define PACKAGE "bfd"
| #define VERSION "2.16.91"
| #define _GNU_SOURCE 1
| #define STDC_HEADERS 1
| #define HAVE_SYS_TYPES_H 1
| #define HAVE_SYS_STAT_H 1
| #define HAVE_STDLIB_H 1
| #define HAVE_STRING_H 1
| #define HAVE_MEMORY_H 1
| #define HAVE_STRINGS_H 1
| #define HAVE_INTTYPES_H 1
| #define HAVE_STDINT_H 1
| #define HAVE_UNISTD_H 1
| #define HAVE_ALLOCA_H 1
| #define HAVE_ALLOCA 1
| #define HAVE_STDLIB_H 1
| #define HAVE_UNISTD_H 1
| #define HAVE_GETPAGESIZE 1
| #define HAVE_MMAP 1
| #define HAVE_LIMITS_H 1
| #define HAVE_LOCALE_H 1
| #define HAVE_NL_TYPES_H 1
| #define HAVE_STRING_H 1
| #define HAVE_UNISTD_H 1
| #define HAVE_SYS_PARAM_H 1
| #define HAVE_GETCWD 1
| #define HAVE_MUNMAP 1
| #define HAVE_PUTENV 1
| #define HAVE_SETENV 1
| #define HAVE_SETLOCALE 1
| #define HAVE_STRCHR 1
| #define HAVE_STRCASECMP 1
| #define HAVE_STPCPY 1
| #define HAVE_STPCPY 1
| #define HAVE_LC_MESSAGES 1
| #define SIZEOF_LONG_LONG 8
| #define SIZEOF_LONG 8
| #define HAVE_STDDEF_H 1
| #define HAVE_STRING_H 1
| #define HAVE_STRINGS_H 1
| #define HAVE_STDLIB_H 1
| #define HAVE_TIME_H 1
| #define HAVE_UNISTD_H 1
| #define HAVE_FCNTL_H 1
| #define HAVE_SYS_FILE_H 1
| #define HAVE_SYS_TIME_H 1
| #define TIME_WITH_SYS_TIME 1
| #define HAVE_DIRENT_H 1
| #define STRING_WITH_STRINGS 1
| #define HAVE_FCNTL 1
| #define HAVE_GETPAGESIZE 1
| #define HAVE_SETITIMER 1
| #define HAVE_SYSCONF 1
| #define HAVE_FDOPEN 1
| #define HAVE_GETUID 1
| #define HAVE_GETGID 1
| #define HAVE_STRTOULL 1
| /* end confdefs.h.  */
| #include <stdio.h>
| #if HAVE_SYS_TYPES_H
| # include <sys/types.h>
| #endif
| #if HAVE_SYS_STAT_H
| # include <sys/stat.h>
| #endif
| #if STDC_HEADERS
| # include <stdlib.h>
| # include <stddef.h>
| #else
| # if HAVE_STDLIB_H
| #  include <stdlib.h>
| # endif
| #endif
| #if HAVE_STRING_H
| # if !STDC_HEADERS && HAVE_MEMORY_H
| #  include <memory.h>
| # endif
| # include <string.h>
| #endif
| #if HAVE_STRINGS_H
| # include <strings.h>
| #endif
| #if HAVE_INTTYPES_H
| # include <inttypes.h>
| #else
| # if HAVE_STDINT_H
| #  include <stdint.h>
| # endif
| #endif
| #if HAVE_UNISTD_H
| # include <unistd.h>
| #endif
| int
| main ()
| {
| #ifndef basename
|   char *p = (char *) basename;
| #endif
| 
|   ;
|   return 0;
| }
configure:10312: result: no
configure:10330: checking whether ftello is declared
configure:10354: gcc -c -g -O2   conftest.c >&5
configure:10360: $? = 0
configure:10363: test -z 			 || test ! -s conftest.err
configure:10366: $? = 0
configure:10369: test -s conftest.o
configure:10372: $? = 0
configure:10383: result: yes
configure:10401: checking whether ftello64 is declared
configure:10425: gcc -c -g -O2   conftest.c >&5
conftest.c: In function 'main':
conftest.c:106: error: 'ftello64' undeclared (first use in this function)
conftest.c:106: error: (Each undeclared identifier is reported only once
conftest.c:106: error: for each function it appears in.)
configure:10431: $? = 1
configure: failed program was:
| /* confdefs.h.  */
| 
| #define PACKAGE_NAME ""
| #define PACKAGE_TARNAME ""
| #define PACKAGE_VERSION ""
| #define PACKAGE_STRING ""
| #define PACKAGE_BUGREPORT ""
| #define PACKAGE "bfd"
| #define VERSION "2.16.91"
| #define _GNU_SOURCE 1
| #define STDC_HEADERS 1
| #define HAVE_SYS_TYPES_H 1
| #define HAVE_SYS_STAT_H 1
| #define HAVE_STDLIB_H 1
| #define HAVE_STRING_H 1
| #define HAVE_MEMORY_H 1
| #define HAVE_STRINGS_H 1
| #define HAVE_INTTYPES_H 1
| #define HAVE_STDINT_H 1
| #define HAVE_UNISTD_H 1
| #define HAVE_ALLOCA_H 1
| #define HAVE_ALLOCA 1
| #define HAVE_STDLIB_H 1
| #define HAVE_UNISTD_H 1
| #define HAVE_GETPAGESIZE 1
| #define HAVE_MMAP 1
| #define HAVE_LIMITS_H 1
| #define HAVE_LOCALE_H 1
| #define HAVE_NL_TYPES_H 1
| #define HAVE_STRING_H 1
| #define HAVE_UNISTD_H 1
| #define HAVE_SYS_PARAM_H 1
| #define HAVE_GETCWD 1
| #define HAVE_MUNMAP 1
| #define HAVE_PUTENV 1
| #define HAVE_SETENV 1
| #define HAVE_SETLOCALE 1
| #define HAVE_STRCHR 1
| #define HAVE_STRCASECMP 1
| #define HAVE_STPCPY 1
| #define HAVE_STPCPY 1
| #define HAVE_LC_MESSAGES 1
| #define SIZEOF_LONG_LONG 8
| #define SIZEOF_LONG 8
| #define HAVE_STDDEF_H 1
| #define HAVE_STRING_H 1
| #define HAVE_STRINGS_H 1
| #define HAVE_STDLIB_H 1
| #define HAVE_TIME_H 1
| #define HAVE_UNISTD_H 1
| #define HAVE_FCNTL_H 1
| #define HAVE_SYS_FILE_H 1
| #define HAVE_SYS_TIME_H 1
| #define TIME_WITH_SYS_TIME 1
| #define HAVE_DIRENT_H 1
| #define STRING_WITH_STRINGS 1
| #define HAVE_FCNTL 1
| #define HAVE_GETPAGESIZE 1
| #define HAVE_SETITIMER 1
| #define HAVE_SYSCONF 1
| #define HAVE_FDOPEN 1
| #define HAVE_GETUID 1
| #define HAVE_GETGID 1
| #define HAVE_STRTOULL 1
| #define HAVE_DECL_BASENAME 0
| #define HAVE_DECL_FTELLO 1
| /* end confdefs.h.  */
| #include <stdio.h>
| #if HAVE_SYS_TYPES_H
| # include <sys/types.h>
| #endif
| #if HAVE_SYS_STAT_H
| # include <sys/stat.h>
| #endif
| #if STDC_HEADERS
| # include <stdlib.h>
| # include <stddef.h>
| #else
| # if HAVE_STDLIB_H
| #  include <stdlib.h>
| # endif
| #endif
| #if HAVE_STRING_H
| # if !STDC_HEADERS && HAVE_MEMORY_H
| #  include <memory.h>
| # endif
| # include <string.h>
| #endif
| #if HAVE_STRINGS_H
| # include <strings.h>
| #endif
| #if HAVE_INTTYPES_H
| # include <inttypes.h>
| #else
| # if HAVE_STDINT_H
| #  include <stdint.h>
| # endif
| #endif
| #if HAVE_UNISTD_H
| # include <unistd.h>
| #endif
| int
| main ()
| {
| #ifndef ftello64
|   char *p = (char *) ftello64;
| #endif
| 
|   ;
|   return 0;
| }
configure:10454: result: no
configure:10472: checking whether fseeko is declared
configure:10496: gcc -c -g -O2   conftest.c >&5
configure:10502: $? = 0
configure:10505: test -z 			 || test ! -s conftest.err
configure:10508: $? = 0
configure:10511: test -s conftest.o
configure:10514: $? = 0
configure:10525: result: yes
configure:10543: checking whether fseeko64 is declared
configure:10567: gcc -c -g -O2   conftest.c >&5
conftest.c: In function 'main':
conftest.c:108: error: 'fseeko64' undeclared (first use in this function)
conftest.c:108: error: (Each undeclared identifier is reported only once
conftest.c:108: error: for each function it appears in.)
configure:10573: $? = 1
configure: failed program was:
| /* confdefs.h.  */
| 
| #define PACKAGE_NAME ""
| #define PACKAGE_TARNAME ""
| #define PACKAGE_VERSION ""
| #define PACKAGE_STRING ""
| #define PACKAGE_BUGREPORT ""
| #define PACKAGE "bfd"
| #define VERSION "2.16.91"
| #define _GNU_SOURCE 1
| #define STDC_HEADERS 1
| #define HAVE_SYS_TYPES_H 1
| #define HAVE_SYS_STAT_H 1
| #define HAVE_STDLIB_H 1
| #define HAVE_STRING_H 1
| #define HAVE_MEMORY_H 1
| #define HAVE_STRINGS_H 1
| #define HAVE_INTTYPES_H 1
| #define HAVE_STDINT_H 1
| #define HAVE_UNISTD_H 1
| #define HAVE_ALLOCA_H 1
| #define HAVE_ALLOCA 1
| #define HAVE_STDLIB_H 1
| #define HAVE_UNISTD_H 1
| #define HAVE_GETPAGESIZE 1
| #define HAVE_MMAP 1
| #define HAVE_LIMITS_H 1
| #define HAVE_LOCALE_H 1
| #define HAVE_NL_TYPES_H 1
| #define HAVE_STRING_H 1
| #define HAVE_UNISTD_H 1
| #define HAVE_SYS_PARAM_H 1
| #define HAVE_GETCWD 1
| #define HAVE_MUNMAP 1
| #define HAVE_PUTENV 1
| #define HAVE_SETENV 1
| #define HAVE_SETLOCALE 1
| #define HAVE_STRCHR 1
| #define HAVE_STRCASECMP 1
| #define HAVE_STPCPY 1
| #define HAVE_STPCPY 1
| #define HAVE_LC_MESSAGES 1
| #define SIZEOF_LONG_LONG 8
| #define SIZEOF_LONG 8
| #define HAVE_STDDEF_H 1
| #define HAVE_STRING_H 1
| #define HAVE_STRINGS_H 1
| #define HAVE_STDLIB_H 1
| #define HAVE_TIME_H 1
| #define HAVE_UNISTD_H 1
| #define HAVE_FCNTL_H 1
| #define HAVE_SYS_FILE_H 1
| #define HAVE_SYS_TIME_H 1
| #define TIME_WITH_SYS_TIME 1
| #define HAVE_DIRENT_H 1
| #define STRING_WITH_STRINGS 1
| #define HAVE_FCNTL 1
| #define HAVE_GETPAGESIZE 1
| #define HAVE_SETITIMER 1
| #define HAVE_SYSCONF 1
| #define HAVE_FDOPEN 1
| #define HAVE_GETUID 1
| #define HAVE_GETGID 1
| #define HAVE_STRTOULL 1
| #define HAVE_DECL_BASENAME 0
| #define HAVE_DECL_FTELLO 1
| #define HAVE_DECL_FTELLO64 0
| #define HAVE_DECL_FSEEKO 1
| /* end confdefs.h.  */
| #include <stdio.h>
| #if HAVE_SYS_TYPES_H
| # include <sys/types.h>
| #endif
| #if HAVE_SYS_STAT_H
| # include <sys/stat.h>
| #endif
| #if STDC_HEADERS
| # include <stdlib.h>
| # include <stddef.h>
| #else
| # if HAVE_STDLIB_H
| #  include <stdlib.h>
| # endif
| #endif
| #if HAVE_STRING_H
| # if !STDC_HEADERS && HAVE_MEMORY_H
| #  include <memory.h>
| # endif
| # include <string.h>
| #endif
| #if HAVE_STRINGS_H
| # include <strings.h>
| #endif
| #if HAVE_INTTYPES_H
| # include <inttypes.h>
| #else
| # if HAVE_STDINT_H
| #  include <stdint.h>
| # endif
| #endif
| #if HAVE_UNISTD_H
| # include <unistd.h>
| #endif
| int
| main ()
| {
| #ifndef fseeko64
|   char *p = (char *) fseeko64;
| #endif
| 
|   ;
|   return 0;
| }
configure:10596: result: no
configure:10625: checking whether ffs is declared
configure:10649: gcc -c -g -O2   conftest.c >&5
configure:10655: $? = 0
configure:10658: test -z 			 || test ! -s conftest.err
configure:10661: $? = 0
configure:10664: test -s conftest.o
configure:10667: $? = 0
configure:10678: result: yes
configure:10696: checking whether free is declared
configure:10720: gcc -c -g -O2   conftest.c >&5
configure:10726: $? = 0
configure:10729: test -z 			 || test ! -s conftest.err
configure:10732: $? = 0
configure:10735: test -s conftest.o
configure:10738: $? = 0
configure:10749: result: yes
configure:10767: checking whether getenv is declared
configure:10791: gcc -c -g -O2   conftest.c >&5
configure:10797: $? = 0
configure:10800: test -z 			 || test ! -s conftest.err
configure:10803: $? = 0
configure:10806: test -s conftest.o
configure:10809: $? = 0
configure:10820: result: yes
configure:10838: checking whether malloc is declared
configure:10862: gcc -c -g -O2   conftest.c >&5
configure:10868: $? = 0
configure:10871: test -z 			 || test ! -s conftest.err
configure:10874: $? = 0
configure:10877: test -s conftest.o
configure:10880: $? = 0
configure:10891: result: yes
configure:10909: checking whether realloc is declared
configure:10933: gcc -c -g -O2   conftest.c >&5
configure:10939: $? = 0
configure:10942: test -z 			 || test ! -s conftest.err
configure:10945: $? = 0
configure:10948: test -s conftest.o
configure:10951: $? = 0
configure:10962: result: yes
configure:10980: checking whether stpcpy is declared
configure:11004: gcc -c -g -O2   conftest.c >&5
configure:11010: $? = 0
configure:11013: test -z 			 || test ! -s conftest.err
configure:11016: $? = 0
configure:11019: test -s conftest.o
configure:11022: $? = 0
configure:11033: result: yes
configure:11051: checking whether strstr is declared
configure:11075: gcc -c -g -O2   conftest.c >&5
configure:11081: $? = 0
configure:11084: test -z 			 || test ! -s conftest.err
configure:11087: $? = 0
configure:11090: test -s conftest.o
configure:11093: $? = 0
configure:11104: result: yes
configure:11122: checking whether snprintf is declared
configure:11146: gcc -c -g -O2   conftest.c >&5
configure:11152: $? = 0
configure:11155: test -z 			 || test ! -s conftest.err
configure:11158: $? = 0
configure:11161: test -s conftest.o
configure:11164: $? = 0
configure:11175: result: yes
configure:11193: checking whether vsnprintf is declared
configure:11217: gcc -c -g -O2   conftest.c >&5
configure:11223: $? = 0
configure:11226: test -z 			 || test ! -s conftest.err
configure:11229: $? = 0
configure:11232: test -s conftest.o
configure:11235: $? = 0
configure:11246: result: yes
configure:13182: checking for gcc version with buggy 64-bit support
configure:13199: result: no
configure:13238: checking for ftello
configure:13295: gcc -o conftest -g -O2    conftest.c  >&5
configure:13301: $? = 0
configure:13304: test -z 			 || test ! -s conftest.err
configure:13307: $? = 0
configure:13310: test -s conftest
configure:13313: $? = 0
configure:13325: result: yes
configure:13238: checking for ftello64
configure:13295: gcc -o conftest -g -O2    conftest.c  >&5
Undefined symbols for architecture x86_64:
  "_ftello64", referenced from:
      _main in ccU7LTNI.o
      _f in ccU7LTNI.o
ld: symbol(s) not found for architecture x86_64
collect2: ld returned 1 exit status
configure:13301: $? = 1
configure: failed program was:
| /* confdefs.h.  */
| 
| #define PACKAGE_NAME ""
| #define PACKAGE_TARNAME ""
| #define PACKAGE_VERSION ""
| #define PACKAGE_STRING ""
| #define PACKAGE_BUGREPORT ""
| #define PACKAGE "bfd"
| #define VERSION "2.16.91"
| #define _GNU_SOURCE 1
| #define STDC_HEADERS 1
| #define HAVE_SYS_TYPES_H 1
| #define HAVE_SYS_STAT_H 1
| #define HAVE_STDLIB_H 1
| #define HAVE_STRING_H 1
| #define HAVE_MEMORY_H 1
| #define HAVE_STRINGS_H 1
| #define HAVE_INTTYPES_H 1
| #define HAVE_STDINT_H 1
| #define HAVE_UNISTD_H 1
| #define HAVE_ALLOCA_H 1
| #define HAVE_ALLOCA 1
| #define HAVE_STDLIB_H 1
| #define HAVE_UNISTD_H 1
| #define HAVE_GETPAGESIZE 1
| #define HAVE_MMAP 1
| #define HAVE_LIMITS_H 1
| #define HAVE_LOCALE_H 1
| #define HAVE_NL_TYPES_H 1
| #define HAVE_STRING_H 1
| #define HAVE_UNISTD_H 1
| #define HAVE_SYS_PARAM_H 1
| #define HAVE_GETCWD 1
| #define HAVE_MUNMAP 1
| #define HAVE_PUTENV 1
| #define HAVE_SETENV 1
| #define HAVE_SETLOCALE 1
| #define HAVE_STRCHR 1
| #define HAVE_STRCASECMP 1
| #define HAVE_STPCPY 1
| #define HAVE_STPCPY 1
| #define HAVE_LC_MESSAGES 1
| #define SIZEOF_LONG_LONG 8
| #define SIZEOF_LONG 8
| #define HAVE_STDDEF_H 1
| #define HAVE_STRING_H 1
| #define HAVE_STRINGS_H 1
| #define HAVE_STDLIB_H 1
| #define HAVE_TIME_H 1
| #define HAVE_UNISTD_H 1
| #define HAVE_FCNTL_H 1
| #define HAVE_SYS_FILE_H 1
| #define HAVE_SYS_TIME_H 1
| #define TIME_WITH_SYS_TIME 1
| #define HAVE_DIRENT_H 1
| #define STRING_WITH_STRINGS 1
| #define HAVE_FCNTL 1
| #define HAVE_GETPAGESIZE 1
| #define HAVE_SETITIMER 1
| #define HAVE_SYSCONF 1
| #define HAVE_FDOPEN 1
| #define HAVE_GETUID 1
| #define HAVE_GETGID 1
| #define HAVE_STRTOULL 1
| #define HAVE_DECL_BASENAME 0
| #define HAVE_DECL_FTELLO 1
| #define HAVE_DECL_FTELLO64 0
| #define HAVE_DECL_FSEEKO 1
| #define HAVE_DECL_FSEEKO64 0
| #define HAVE_DECL_FFS 1
| #define HAVE_DECL_FREE 1
| #define HAVE_DECL_GETENV 1
| #define HAVE_DECL_MALLOC 1
| #define HAVE_DECL_REALLOC 1
| #define HAVE_DECL_STPCPY 1
| #define HAVE_DECL_STRSTR 1
| #define HAVE_DECL_SNPRINTF 1
| #define HAVE_DECL_VSNPRINTF 1
| #define HAVE_FTELLO 1
| /* end confdefs.h.  */
| /* Define ftello64 to an innocuous variant, in case <limits.h> declares ftello64.
|    For example, HP-UX 11i <limits.h> declares gettimeofday.  */
| #define ftello64 innocuous_ftello64
| 
| /* System header to define __stub macros and hopefully few prototypes,
|     which can conflict with char ftello64 (); below.
|     Prefer <limits.h> to <assert.h> if __STDC__ is defined, since
|     <limits.h> exists even on freestanding compilers.  */
| 
| #ifdef __STDC__
| # include <limits.h>
| #else
| # include <assert.h>
| #endif
| 
| #undef ftello64
| 
| /* Override any gcc2 internal prototype to avoid an error.  */
| #ifdef __cplusplus
| extern "C"
| {
| #endif
| /* We use char because int might match the return type of a gcc2
|    builtin and then its argument prototype would still apply.  */
| char ftello64 ();
| /* The GNU C library defines this for functions which it implements
|     to always fail with ENOSYS.  Some functions are actually named
|     something starting with __ and the normal name is an alias.  */
| #if defined (__stub_ftello64) || defined (__stub___ftello64)
| choke me
| #else
| char (*f) () = ftello64;
| #endif
| #ifdef __cplusplus
| }
| #endif
| 
| int
| main ()
| {
| return f != ftello64;
|   ;
|   return 0;
| }
configure:13325: result: no
configure:13238: checking for fseeko
configure:13295: gcc -o conftest -g -O2    conftest.c  >&5
configure:13301: $? = 0
configure:13304: test -z 			 || test ! -s conftest.err
configure:13307: $? = 0
configure:13310: test -s conftest
configure:13313: $? = 0
configure:13325: result: yes
configure:13238: checking for fseeko64
configure:13295: gcc -o conftest -g -O2    conftest.c  >&5
Undefined symbols for architecture x86_64:
  "_fseeko64", referenced from:
      _main in ccrQ8Ksm.o
      _f in ccrQ8Ksm.o
ld: symbol(s) not found for architecture x86_64
collect2: ld returned 1 exit status
configure:13301: $? = 1
configure: failed program was:
| /* confdefs.h.  */
| 
| #define PACKAGE_NAME ""
| #define PACKAGE_TARNAME ""
| #define PACKAGE_VERSION ""
| #define PACKAGE_STRING ""
| #define PACKAGE_BUGREPORT ""
| #define PACKAGE "bfd"
| #define VERSION "2.16.91"
| #define _GNU_SOURCE 1
| #define STDC_HEADERS 1
| #define HAVE_SYS_TYPES_H 1
| #define HAVE_SYS_STAT_H 1
| #define HAVE_STDLIB_H 1
| #define HAVE_STRING_H 1
| #define HAVE_MEMORY_H 1
| #define HAVE_STRINGS_H 1
| #define HAVE_INTTYPES_H 1
| #define HAVE_STDINT_H 1
| #define HAVE_UNISTD_H 1
| #define HAVE_ALLOCA_H 1
| #define HAVE_ALLOCA 1
| #define HAVE_STDLIB_H 1
| #define HAVE_UNISTD_H 1
| #define HAVE_GETPAGESIZE 1
| #define HAVE_MMAP 1
| #define HAVE_LIMITS_H 1
| #define HAVE_LOCALE_H 1
| #define HAVE_NL_TYPES_H 1
| #define HAVE_STRING_H 1
| #define HAVE_UNISTD_H 1
| #define HAVE_SYS_PARAM_H 1
| #define HAVE_GETCWD 1
| #define HAVE_MUNMAP 1
| #define HAVE_PUTENV 1
| #define HAVE_SETENV 1
| #define HAVE_SETLOCALE 1
| #define HAVE_STRCHR 1
| #define HAVE_STRCASECMP 1
| #define HAVE_STPCPY 1
| #define HAVE_STPCPY 1
| #define HAVE_LC_MESSAGES 1
| #define SIZEOF_LONG_LONG 8
| #define SIZEOF_LONG 8
| #define HAVE_STDDEF_H 1
| #define HAVE_STRING_H 1
| #define HAVE_STRINGS_H 1
| #define HAVE_STDLIB_H 1
| #define HAVE_TIME_H 1
| #define HAVE_UNISTD_H 1
| #define HAVE_FCNTL_H 1
| #define HAVE_SYS_FILE_H 1
| #define HAVE_SYS_TIME_H 1
| #define TIME_WITH_SYS_TIME 1
| #define HAVE_DIRENT_H 1
| #define STRING_WITH_STRINGS 1
| #define HAVE_FCNTL 1
| #define HAVE_GETPAGESIZE 1
| #define HAVE_SETITIMER 1
| #define HAVE_SYSCONF 1
| #define HAVE_FDOPEN 1
| #define HAVE_GETUID 1
| #define HAVE_GETGID 1
| #define HAVE_STRTOULL 1
| #define HAVE_DECL_BASENAME 0
| #define HAVE_DECL_FTELLO 1
| #define HAVE_DECL_FTELLO64 0
| #define HAVE_DECL_FSEEKO 1
| #define HAVE_DECL_FSEEKO64 0
| #define HAVE_DECL_FFS 1
| #define HAVE_DECL_FREE 1
| #define HAVE_DECL_GETENV 1
| #define HAVE_DECL_MALLOC 1
| #define HAVE_DECL_REALLOC 1
| #define HAVE_DECL_STPCPY 1
| #define HAVE_DECL_STRSTR 1
| #define HAVE_DECL_SNPRINTF 1
| #define HAVE_DECL_VSNPRINTF 1
| #define HAVE_FTELLO 1
| #define HAVE_FSEEKO 1
| /* end confdefs.h.  */
| /* Define fseeko64 to an innocuous variant, in case <limits.h> declares fseeko64.
|    For example, HP-UX 11i <limits.h> declares gettimeofday.  */
| #define fseeko64 innocuous_fseeko64
| 
| /* System header to define __stub macros and hopefully few prototypes,
|     which can conflict with char fseeko64 (); below.
|     Prefer <limits.h> to <assert.h> if __STDC__ is defined, since
|     <limits.h> exists even on freestanding compilers.  */
| 
| #ifdef __STDC__
| # include <limits.h>
| #else
| # include <assert.h>
| #endif
| 
| #undef fseeko64
| 
| /* Override any gcc2 internal prototype to avoid an error.  */
| #ifdef __cplusplus
| extern "C"
| {
| #endif
| /* We use char because int might match the return type of a gcc2
|    builtin and then its argument prototype would still apply.  */
| char fseeko64 ();
| /* The GNU C library defines this for functions which it implements
|     to always fail with ENOSYS.  Some functions are actually named
|     something starting with __ and the normal name is an alias.  */
| #if defined (__stub_fseeko64) || defined (__stub___fseeko64)
| choke me
| #else
| char (*f) () = fseeko64;
| #endif
| #ifdef __cplusplus
| }
| #endif
| 
| int
| main ()
| {
| return f != fseeko64;
|   ;
|   return 0;
| }
configure:13325: result: no
configure:13238: checking for fopen64
configure:13295: gcc -o conftest -g -O2    conftest.c  >&5
Undefined symbols for architecture x86_64:
  "_fopen64", referenced from:
      _main in ccKHffQm.o
      _f in ccKHffQm.o
ld: symbol(s) not found for architecture x86_64
collect2: ld returned 1 exit status
configure:13301: $? = 1
configure: failed program was:
| /* confdefs.h.  */
| 
| #define PACKAGE_NAME ""
| #define PACKAGE_TARNAME ""
| #define PACKAGE_VERSION ""
| #define PACKAGE_STRING ""
| #define PACKAGE_BUGREPORT ""
| #define PACKAGE "bfd"
| #define VERSION "2.16.91"
| #define _GNU_SOURCE 1
| #define STDC_HEADERS 1
| #define HAVE_SYS_TYPES_H 1
| #define HAVE_SYS_STAT_H 1
| #define HAVE_STDLIB_H 1
| #define HAVE_STRING_H 1
| #define HAVE_MEMORY_H 1
| #define HAVE_STRINGS_H 1
| #define HAVE_INTTYPES_H 1
| #define HAVE_STDINT_H 1
| #define HAVE_UNISTD_H 1
| #define HAVE_ALLOCA_H 1
| #define HAVE_ALLOCA 1
| #define HAVE_STDLIB_H 1
| #define HAVE_UNISTD_H 1
| #define HAVE_GETPAGESIZE 1
| #define HAVE_MMAP 1
| #define HAVE_LIMITS_H 1
| #define HAVE_LOCALE_H 1
| #define HAVE_NL_TYPES_H 1
| #define HAVE_STRING_H 1
| #define HAVE_UNISTD_H 1
| #define HAVE_SYS_PARAM_H 1
| #define HAVE_GETCWD 1
| #define HAVE_MUNMAP 1
| #define HAVE_PUTENV 1
| #define HAVE_SETENV 1
| #define HAVE_SETLOCALE 1
| #define HAVE_STRCHR 1
| #define HAVE_STRCASECMP 1
| #define HAVE_STPCPY 1
| #define HAVE_STPCPY 1
| #define HAVE_LC_MESSAGES 1
| #define SIZEOF_LONG_LONG 8
| #define SIZEOF_LONG 8
| #define HAVE_STDDEF_H 1
| #define HAVE_STRING_H 1
| #define HAVE_STRINGS_H 1
| #define HAVE_STDLIB_H 1
| #define HAVE_TIME_H 1
| #define HAVE_UNISTD_H 1
| #define HAVE_FCNTL_H 1
| #define HAVE_SYS_FILE_H 1
| #define HAVE_SYS_TIME_H 1
| #define TIME_WITH_SYS_TIME 1
| #define HAVE_DIRENT_H 1
| #define STRING_WITH_STRINGS 1
| #define HAVE_FCNTL 1
| #define HAVE_GETPAGESIZE 1
| #define HAVE_SETITIMER 1
| #define HAVE_SYSCONF 1
| #define HAVE_FDOPEN 1
| #define HAVE_GETUID 1
| #define HAVE_GETGID 1
| #define HAVE_STRTOULL 1
| #define HAVE_DECL_BASENAME 0
| #define HAVE_DECL_FTELLO 1
| #define HAVE_DECL_FTELLO64 0
| #define HAVE_DECL_FSEEKO 1
| #define HAVE_DECL_FSEEKO64 0
| #define HAVE_DECL_FFS 1
| #define HAVE_DECL_FREE 1
| #define HAVE_DECL_GETENV 1
| #define HAVE_DECL_MALLOC 1
| #define HAVE_DECL_REALLOC 1
| #define HAVE_DECL_STPCPY 1
| #define HAVE_DECL_STRSTR 1
| #define HAVE_DECL_SNPRINTF 1
| #define HAVE_DECL_VSNPRINTF 1
| #define HAVE_FTELLO 1
| #define HAVE_FSEEKO 1
| /* end confdefs.h.  */
| /* Define fopen64 to an innocuous variant, in case <limits.h> declares fopen64.
|    For example, HP-UX 11i <limits.h> declares gettimeofday.  */
| #define fopen64 innocuous_fopen64
| 
| /* System header to define __stub macros and hopefully few prototypes,
|     which can conflict with char fopen64 (); below.
|     Prefer <limits.h> to <assert.h> if __STDC__ is defined, since
|     <limits.h> exists even on freestanding compilers.  */
| 
| #ifdef __STDC__
| # include <limits.h>
| #else
| # include <assert.h>
| #endif
| 
| #undef fopen64
| 
| /* Override any gcc2 internal prototype to avoid an error.  */
| #ifdef __cplusplus
| extern "C"
| {
| #endif
| /* We use char because int might match the return type of a gcc2
|    builtin and then its argument prototype would still apply.  */
| char fopen64 ();
| /* The GNU C library defines this for functions which it implements
|     to always fail with ENOSYS.  Some functions are actually named
|     something starting with __ and the normal name is an alias.  */
| #if defined (__stub_fopen64) || defined (__stub___fopen64)
| choke me
| #else
| char (*f) () = fopen64;
| #endif
| #ifdef __cplusplus
| }
| #endif
| 
| int
| main ()
| {
| return f != fopen64;
|   ;
|   return 0;
| }
configure:13325: result: no
configure:13336: checking for off_t
configure:13389: result: yes
configure:13392: checking size of off_t
configure:13704: gcc -o conftest -g -O2    conftest.c  >&5
configure:13707: $? = 0
configure:13709: ./conftest
configure:13712: $? = 0
configure:13735: result: 8
configure:13743: checking file_ptr type
configure:13752: result: BFD_HOST_64_BIT
configure:13772: checking for stdlib.h
configure:13777: result: yes
configure:13772: checking for unistd.h
configure:13777: result: yes
configure:13920: checking for getpagesize
configure:14007: result: yes
configure:14017: checking for working mmap
configure:14181: result: yes
configure:14197: checking for madvise
configure:14254: gcc -o conftest -g -O2    conftest.c  >&5
configure:14260: $? = 0
configure:14263: test -z 			 || test ! -s conftest.err
configure:14266: $? = 0
configure:14269: test -s conftest
configure:14272: $? = 0
configure:14284: result: yes
configure:14197: checking for mprotect
configure:14254: gcc -o conftest -g -O2    conftest.c  >&5
configure:14260: $? = 0
configure:14263: test -z 			 || test ! -s conftest.err
configure:14266: $? = 0
configure:14269: test -s conftest
configure:14272: $? = 0
configure:14284: result: yes
configure:14430: creating ./config.status

## ---------------------- ##
## Running config.status. ##
## ---------------------- ##

This file was extended by config.status, which was
generated by GNU Autoconf 2.59.  Invocation command line was

  CONFIG_FILES    = 
  CONFIG_HEADERS  = 
  CONFIG_LINKS    = 
  CONFIG_COMMANDS = 
  $ ./config.status 

on routerroaches

config.status:805: creating Makefile
config.status:805: creating doc/Makefile
config.status:805: creating bfd-in3.h
config.status:805: creating po/Makefile.in
config.status:864: creating config.h
config.status:1320: executing depfiles commands
config.status:1320: executing default commands

## ---------------- ##
## Cache variables. ##
## ---------------- ##

ac_cv_archive_cmds_needs_lc=yes
ac_cv_build=i686-apple-darwin11.2.0
ac_cv_build_alias=i686-apple-darwin11.2.0
ac_cv_c_compiler_gnu=yes
ac_cv_c_const=yes
ac_cv_c_inline=inline
ac_cv_env_CC_set=set
ac_cv_env_CC_value=gcc
ac_cv_env_CFLAGS_set=set
ac_cv_env_CFLAGS_value='-g -O2 '
ac_cv_env_CPPFLAGS_set=
ac_cv_env_CPPFLAGS_value=
ac_cv_env_CPP_set=
ac_cv_env_CPP_value=
ac_cv_env_LDFLAGS_set=set
ac_cv_env_LDFLAGS_value=
ac_cv_env_build_alias_set=set
ac_cv_env_build_alias_value=i686-apple-darwin11.2.0
ac_cv_env_host_alias_set=set
ac_cv_env_host_alias_value=i686-apple-darwin11.2.0
ac_cv_env_target_alias_set=set
ac_cv_env_target_alias_value=armv5e-elf
ac_cv_exeext=
ac_cv_func___argz_count=no
ac_cv_func___argz_next=no
ac_cv_func___argz_stringify=no
ac_cv_func_alloca_works=yes
ac_cv_func_fcntl=yes
ac_cv_func_fdopen=yes
ac_cv_func_fopen64=no
ac_cv_func_fseeko=yes
ac_cv_func_fseeko64=no
ac_cv_func_ftello=yes
ac_cv_func_ftello64=no
ac_cv_func_getcwd=yes
ac_cv_func_getgid=yes
ac_cv_func_getpagesize=yes
ac_cv_func_getuid=yes
ac_cv_func_madvise=yes
ac_cv_func_mmap_fixed_mapped=yes
ac_cv_func_mprotect=yes
ac_cv_func_munmap=yes
ac_cv_func_putenv=yes
ac_cv_func_setenv=yes
ac_cv_func_setitimer=yes
ac_cv_func_setlocale=yes
ac_cv_func_stpcpy=yes
ac_cv_func_strcasecmp=yes
ac_cv_func_strchr=yes
ac_cv_func_strtoull=yes
ac_cv_func_sysconf=yes
ac_cv_have_decl_basename=no
ac_cv_have_decl_ffs=yes
ac_cv_have_decl_free=yes
ac_cv_have_decl_fseeko=yes
ac_cv_have_decl_fseeko64=no
ac_cv_have_decl_ftello=yes
ac_cv_have_decl_ftello64=no
ac_cv_have_decl_getenv=yes
ac_cv_have_decl_malloc=yes
ac_cv_have_decl_realloc=yes
ac_cv_have_decl_snprintf=yes
ac_cv_have_decl_stpcpy=yes
ac_cv_have_decl_strstr=yes
ac_cv_have_decl_vsnprintf=yes
ac_cv_header_argz_h=no
ac_cv_header_dirent_dirent_h=yes
ac_cv_header_fcntl_h=yes
ac_cv_header_inttypes_h=yes
ac_cv_header_libintl_h=no
ac_cv_header_limits_h=yes
ac_cv_header_locale_h=yes
ac_cv_header_malloc_h=no
ac_cv_header_memory_h=yes
ac_cv_header_nl_types_h=yes
ac_cv_header_stdc=yes
ac_cv_header_stddef_h=yes
ac_cv_header_stdint_h=yes
ac_cv_header_stdlib_h=yes
ac_cv_header_string_h=yes
ac_cv_header_strings_h=yes
ac_cv_header_sys_file_h=yes
ac_cv_header_sys_param_h=yes
ac_cv_header_sys_stat_h=yes
ac_cv_header_sys_time_h=yes
ac_cv_header_sys_types_h=yes
ac_cv_header_time=yes
ac_cv_header_time_h=yes
ac_cv_header_unistd_h=yes
ac_cv_header_values_h=no
ac_cv_host=i686-apple-darwin11.2.0
ac_cv_host_alias=i686-apple-darwin11.2.0
ac_cv_objext=o
ac_cv_prog_AR=ar
ac_cv_prog_AWK=gawk
ac_cv_prog_CC=gcc
ac_cv_prog_CPP='gcc -E'
ac_cv_prog_RANLIB=ranlib
ac_cv_prog_ac_ct_STRIP=strip
ac_cv_prog_cc_can_build_shared=yes
ac_cv_prog_cc_g=yes
ac_cv_prog_cc_no_builtin=
ac_cv_prog_cc_pic='  -DPIC'
ac_cv_prog_cc_pic_works=yes
ac_cv_prog_cc_shlib=
ac_cv_prog_cc_static=
ac_cv_prog_cc_static_works=no
ac_cv_prog_cc_stdc=
ac_cv_prog_cc_wl=-Wl,
ac_cv_prog_egrep='grep -E'
ac_cv_prog_make_make_set=yes
ac_cv_search_opendir='none required'
ac_cv_search_strerror='none required'
ac_cv_sizeof_long=8
ac_cv_sizeof_long_long=8
ac_cv_sizeof_off_t=8
ac_cv_target=armv5e-unknown-elf
ac_cv_target_alias=armv5e-elf
ac_cv_type_long=yes
ac_cv_type_long_long=yes
ac_cv_type_off_t=yes
ac_cv_type_size_t=yes
ac_cv_working_alloca_h=yes
am_cv_CC_dependencies_compiler_type=none
am_cv_val_LC_MESSAGES=yes
bfd_cv_has_long_long=yes
gcc_cv_header_string=yes
lt_cv_compiler_c_o=yes
lt_cv_deplibs_check_method='file_magic Mach-O dynamically linked shared library'
lt_cv_file_magic_cmd='/usr/bin/file -L'
lt_cv_file_magic_test_file=/usr/lib/libSystem.dylib
lt_cv_ld_reload_flag=-r
lt_cv_path_LD=/usr/llvm-gcc-4.2/bin/../libexec/gcc/i686-apple-darwin11/4.2.1/ld
lt_cv_path_NM=nm
lt_cv_prog_cc_pic=-fno-common
lt_cv_prog_gnu_ld=no
lt_cv_sys_max_cmd_len=98305
nls_cv_force_use_gnu_gettext=no
nls_cv_header_intl=
nls_cv_header_libgt=
nls_cv_use_gnu_gettext=no

## ----------------- ##
## Output variables. ##
## ----------------- ##

ACLOCAL='${SHELL} /Users/rafael/mc404/gdb-6.4/missing --run aclocal-1.9'
ALLOCA=''
AMDEPBACKSLASH='\'
AMDEP_FALSE='#'
AMDEP_TRUE=''
AMTAR='${SHELL} /Users/rafael/mc404/gdb-6.4/missing --run tar'
AR='ar'
AUTOCONF='${SHELL} /Users/rafael/mc404/gdb-6.4/missing --run autoconf'
AUTOHEADER='${SHELL} /Users/rafael/mc404/gdb-6.4/missing --run autoheader'
AUTOMAKE='${SHELL} /Users/rafael/mc404/gdb-6.4/missing --run automake-1.9'
AWK='gawk'
BFD_HOST_64BIT_LONG='1'
BFD_HOST_64_BIT='long'
BFD_HOST_64_BIT_DEFINED='1'
BFD_HOST_LONG_LONG='1'
BFD_HOST_U_64_BIT='unsigned long'
CATALOGS=''
CATOBJEXT=''
CC='gcc'
CCDEPMODE='depmode=none'
CC_FOR_BUILD='gcc'
CFLAGS='-g -O2 '
COREFILE=''
COREFLAG=''
CPP='gcc -E'
CPPFLAGS=''
CYGPATH_W='echo'
DATADIRNAME=''
DEFS='-DHAVE_CONFIG_H'
DEPDIR='.deps'
ECHO_C='ECHO_N=''
ECHO_T=''
EGREP='grep -E'
EXEEXT=''
EXEEXT_FOR_BUILD='$(EXEEXT)'
GMOFILES=' fr.gmo tr.gmo ja.gmo es.gmo sv.gmo da.gmo zh_CN.gmo ro.gmo rw.gmo vi.gmo'
GMSGFMT=''
GT_NO=''
GT_YES='#YES#'
HDEFINES=''
INCLUDE_LOCALE_H='#include <locale.h>'
INSTALL_DATA='/opt/local/bin/ginstall -c -m 644'
INSTALL_LIBBFD_FALSE=''
INSTALL_LIBBFD_TRUE='#'
INSTALL_PROGRAM='/opt/local/bin/ginstall -c'
INSTALL_SCRIPT='/opt/local/bin/ginstall -c'
INSTALL_STRIP_PROGRAM='${SHELL} $(install_sh) -c -s'
INSTOBJEXT=''
INTLDEPS=''
INTLLIBS=''
INTLOBJS=''
LDFLAGS=''
LIBOBJS=''
LIBS=''
LIBTOOL='$(SHELL) $(top_builddir)/libtool'
LN_S='ln -s'
LTLIBOBJS=''
MAINT='#'
MAINTAINER_MODE_FALSE=''
MAINTAINER_MODE_TRUE='#'
MAKEINFO='makeinfo --split-size=5000000'
MKINSTALLDIRS='$(srcdir)/../../mkinstalldirs'
MSGFMT=''
NO_WERROR=''
OBJEXT='o'
PACKAGE='bfd'
PACKAGE_BUGREPORT=''
PACKAGE_NAME=''
PACKAGE_STRING=''
PACKAGE_TARNAME=''
PACKAGE_VERSION=''
PATH_SEPARATOR=':'
POFILES=' fr.po tr.po ja.po es.po sv.po da.po zh_CN.po ro.po rw.po vi.po'
POSUB='po'
RANLIB='ranlib'
SET_MAKE=''
SHELL='/bin/sh'
STRIP='strip'
TDEFINES=' '
USE_INCLUDED_LIBINTL='no'
USE_NLS='yes'
VERSION='2.16.91'
WARN_CFLAGS='-W -Wall -Wstrict-prototypes -Wmissing-prototypes'
WIN32LDFLAGS=''
WIN32LIBADD=''
XGETTEXT=':'
ac_ct_AR=''
ac_ct_CC=''
ac_ct_RANLIB=''
ac_ct_STRIP='strip'
all_backends='$(BFD64_BACKENDS) $(BFD32_BACKENDS)'
am__fastdepCC_FALSE=''
am__fastdepCC_TRUE='#'
am__include='include'
am__leading_dot='.'
am__quote=''
am__tar='${AMTAR} chof - "$$tardir"'
am__untar='${AMTAR} xf -'
bfd_backends=' elf32-armv5e.lo elf32.lo share-armv5e.lo elf.lo elflink.lo elf-strtab.lo elf-eh-frame.lo dwarf1.lo elf32-gen.lo'
bfd_default_target_size='32'
bfd_file_ptr='BFD_HOST_64_BIT'
bfd_libs='$(BFD64_LIBS) $(BFD32_LIBS)'
bfd_machines=' cpu-armv5e.lo'
bfd_ufile_ptr='BFD_HOST_U_64_BIT'
bfdincludedir='$(exec_prefix)/$(host_noncanonical)/$(target_noncanonical)/include'
bfdlibdir='$(exec_prefix)/$(host_noncanonical)/$(target_noncanonical)/lib'
bindir='${exec_prefix}/bin'
build='i686-apple-darwin11.2.0'
build_alias='i686-apple-darwin11.2.0'
build_cpu='i686'
build_os='darwin11.2.0'
build_vendor='apple'
datadir='${prefix}/share'
exec_prefix='${prefix}'
host='i686-apple-darwin11.2.0'
host_alias='i686-apple-darwin11.2.0'
host_cpu='i686'
host_noncanonical='i686-apple-darwin11.2.0'
host_os='darwin11.2.0'
host_vendor='apple'
includedir='${prefix}/include'
infodir='${prefix}/info'
install_sh='/Users/rafael/mc404/gdb-6.4/install-sh'
l=''
libdir='${exec_prefix}/lib'
libexecdir='${exec_prefix}/libexec'
localstatedir='${prefix}/var'
mandir='${prefix}/man'
mkdir_p='$(mkinstalldirs)'
oldincludedir='/usr/include'
prefix='/Users/rafael/mc404/install'
program_transform_name='s,^,armv5e-elf-,;'
sbindir='${exec_prefix}/sbin'
sharedstatedir='${prefix}/com'
sysconfdir='${prefix}/etc'
target='armv5e-unknown-elf'
target_alias='armv5e-elf'
target_cpu='armv5e'
target_noncanonical='armv5e-elf'
target_os='elf'
target_vendor='unknown'
tdefaults=' -DDEFAULT_VECTOR=bfd_elf32_armv5e_vec -DSELECT_VECS='&bfd_elf32_armv5e_vec,&bfd_elf32_little_generic_vec,&bfd_elf32_big_generic_vec' -DSELECT_ARCHITECTURES='&bfd_armv5e_arch' -DHAVE_bfd_elf32_armv5e_vec -DHAVE_bfd_elf32_little_generic_vec -DHAVE_bfd_elf32_big_generic_vec'
wordsize='64'

## ----------- ##
## confdefs.h. ##
## ----------- ##

#define HAVE_ALLOCA 1
#define HAVE_ALLOCA_H 1
#define HAVE_DECL_BASENAME 0
#define HAVE_DECL_FFS 1
#define HAVE_DECL_FREE 1
#define HAVE_DECL_FSEEKO 1
#define HAVE_DECL_FSEEKO64 0
#define HAVE_DECL_FTELLO 1
#define HAVE_DECL_FTELLO64 0
#define HAVE_DECL_GETENV 1
#define HAVE_DECL_MALLOC 1
#define HAVE_DECL_REALLOC 1
#define HAVE_DECL_SNPRINTF 1
#define HAVE_DECL_STPCPY 1
#define HAVE_DECL_STRSTR 1
#define HAVE_DECL_VSNPRINTF 1
#define HAVE_DIRENT_H 1
#define HAVE_FCNTL 1
#define HAVE_FCNTL_H 1
#define HAVE_FDOPEN 1
#define HAVE_FSEEKO 1
#define HAVE_FTELLO 1
#define HAVE_GETCWD 1
#define HAVE_GETGID 1
#define HAVE_GETPAGESIZE 1
#define HAVE_GETPAGESIZE 1
#define HAVE_GETPAGESIZE 1
#define HAVE_GETUID 1
#define HAVE_INTTYPES_H 1
#define HAVE_LC_MESSAGES 1
#define HAVE_LIMITS_H 1
#define HAVE_LOCALE_H 1
#define HAVE_MADVISE 1
#define HAVE_MEMORY_H 1
#define HAVE_MMAP 1
#define HAVE_MMAP 1
#define HAVE_MPROTECT 1
#define HAVE_MUNMAP 1
#define HAVE_NL_TYPES_H 1
#define HAVE_PUTENV 1
#define HAVE_SETENV 1
#define HAVE_SETITIMER 1
#define HAVE_SETLOCALE 1
#define HAVE_STDDEF_H 1
#define HAVE_STDINT_H 1
#define HAVE_STDLIB_H 1
#define HAVE_STDLIB_H 1
#define HAVE_STDLIB_H 1
#define HAVE_STDLIB_H 1
#define HAVE_STPCPY 1
#define HAVE_STPCPY 1
#define HAVE_STRCASECMP 1
#define HAVE_STRCHR 1
#define HAVE_STRINGS_H 1
#define HAVE_STRINGS_H 1
#define HAVE_STRING_H 1
#define HAVE_STRING_H 1
#define HAVE_STRING_H 1
#define HAVE_STRTOULL 1
#define HAVE_SYSCONF 1
#define HAVE_SYS_FILE_H 1
#define HAVE_SYS_PARAM_H 1
#define HAVE_SYS_STAT_H 1
#define HAVE_SYS_TIME_H 1
#define HAVE_SYS_TYPES_H 1
#define HAVE_TIME_H 1
#define HAVE_UNISTD_H 1
#define HAVE_UNISTD_H 1
#define HAVE_UNISTD_H 1
#define HAVE_UNISTD_H 1
#define HAVE_UNISTD_H 1
#define PACKAGE "bfd"
#define PACKAGE_BUGREPORT ""
#define PACKAGE_NAME ""
#define PACKAGE_STRING ""
#define PACKAGE_TARNAME ""
#define PACKAGE_VERSION ""
#define SIZEOF_LONG 8
#define SIZEOF_LONG_LONG 8
#define SIZEOF_OFF_T 8
#define STDC_HEADERS 1
#define STRING_WITH_STRINGS 1
#define TIME_WITH_SYS_TIME 1
#define VERSION "2.16.91"
#define _GNU_SOURCE 1

configure: exit 0

## ---------------------- ##
## Running config.status. ##
## ---------------------- ##

This file was extended by config.status, which was
generated by GNU Autoconf 2.59.  Invocation command line was

  CONFIG_FILES    = po/Makefile.in:po/Make-in
  CONFIG_HEADERS  = 
  CONFIG_LINKS    = 
  CONFIG_COMMANDS = 
  $ ./config.status 

on routerroaches

config.status:805: creating po/Makefile.in
config.status:1320: executing depfiles commands
config.status:1320: executing default commands
